{"/home/naquaduh/projects/date-time-js/src/js/base-date-time.js": {"path":"/home/naquaduh/projects/date-time-js/src/js/base-date-time.js","statementMap":{"0":{"start":{"line":46,"column":2},"end":{"line":46,"column":20}},"1":{"start":{"line":47,"column":2},"end":{"line":47,"column":18}},"2":{"start":{"line":55,"column":2},"end":{"line":55,"column":20}},"3":{"start":{"line":63,"column":2},"end":{"line":63,"column":19}},"4":{"start":{"line":71,"column":2},"end":{"line":71,"column":68}},"5":{"start":{"line":79,"column":2},"end":{"line":79,"column":74}},"6":{"start":{"line":87,"column":2},"end":{"line":87,"column":66}},"7":{"start":{"line":95,"column":2},"end":{"line":95,"column":68}},"8":{"start":{"line":103,"column":2},"end":{"line":103,"column":72}},"9":{"start":{"line":111,"column":2},"end":{"line":111,"column":72}},"10":{"start":{"line":119,"column":2},"end":{"line":119,"column":82}},"11":{"start":{"line":128,"column":2},"end":{"line":128,"column":84}},"12":{"start":{"line":137,"column":2},"end":{"line":137,"column":194}},"13":{"start":{"line":145,"column":2},"end":{"line":145,"column":157}},"14":{"start":{"line":153,"column":2},"end":{"line":153,"column":74}},"15":{"start":{"line":168,"column":2},"end":{"line":168,"column":321}},"16":{"start":{"line":172,"column":2},"end":{"line":172,"column":63}},"17":{"start":{"line":180,"column":2},"end":{"line":180,"column":30}},"18":{"start":{"line":188,"column":2},"end":{"line":188,"column":24}}},"fnMap":{"0":{"name":"(anonymous_0)","decl":{"start":{"line":45,"column":1},"end":{"line":45,"column":2}},"loc":{"start":{"line":45,"column":45},"end":{"line":48,"column":2}},"line":45},"1":{"name":"(anonymous_1)","decl":{"start":{"line":54,"column":1},"end":{"line":54,"column":2}},"loc":{"start":{"line":54,"column":12},"end":{"line":56,"column":2}},"line":54},"2":{"name":"(anonymous_2)","decl":{"start":{"line":62,"column":1},"end":{"line":62,"column":2}},"loc":{"start":{"line":62,"column":11},"end":{"line":64,"column":2}},"line":62},"3":{"name":"(anonymous_3)","decl":{"start":{"line":70,"column":1},"end":{"line":70,"column":2}},"loc":{"start":{"line":70,"column":27},"end":{"line":72,"column":2}},"line":70},"4":{"name":"(anonymous_4)","decl":{"start":{"line":78,"column":1},"end":{"line":78,"column":2}},"loc":{"start":{"line":78,"column":28},"end":{"line":80,"column":2}},"line":78},"5":{"name":"(anonymous_5)","decl":{"start":{"line":86,"column":1},"end":{"line":86,"column":2}},"loc":{"start":{"line":86,"column":26},"end":{"line":88,"column":2}},"line":86},"6":{"name":"(anonymous_6)","decl":{"start":{"line":94,"column":1},"end":{"line":94,"column":2}},"loc":{"start":{"line":94,"column":27},"end":{"line":96,"column":2}},"line":94},"7":{"name":"(anonymous_7)","decl":{"start":{"line":102,"column":1},"end":{"line":102,"column":2}},"loc":{"start":{"line":102,"column":29},"end":{"line":104,"column":2}},"line":102},"8":{"name":"(anonymous_8)","decl":{"start":{"line":110,"column":1},"end":{"line":110,"column":2}},"loc":{"start":{"line":110,"column":29},"end":{"line":112,"column":2}},"line":110},"9":{"name":"(anonymous_9)","decl":{"start":{"line":118,"column":1},"end":{"line":118,"column":2}},"loc":{"start":{"line":118,"column":34},"end":{"line":120,"column":2}},"line":118},"10":{"name":"(anonymous_10)","decl":{"start":{"line":127,"column":1},"end":{"line":127,"column":2}},"loc":{"start":{"line":127,"column":20},"end":{"line":129,"column":2}},"line":127},"11":{"name":"(anonymous_11)","decl":{"start":{"line":136,"column":1},"end":{"line":136,"column":2}},"loc":{"start":{"line":136,"column":20},"end":{"line":138,"column":2}},"line":136},"12":{"name":"(anonymous_12)","decl":{"start":{"line":144,"column":1},"end":{"line":144,"column":2}},"loc":{"start":{"line":144,"column":19},"end":{"line":146,"column":2}},"line":144},"13":{"name":"(anonymous_13)","decl":{"start":{"line":152,"column":1},"end":{"line":152,"column":2}},"loc":{"start":{"line":152,"column":20},"end":{"line":154,"column":2}},"line":152},"14":{"name":"(anonymous_14)","decl":{"start":{"line":167,"column":1},"end":{"line":167,"column":2}},"loc":{"start":{"line":167,"column":29},"end":{"line":169,"column":2}},"line":167},"15":{"name":"(anonymous_15)","decl":{"start":{"line":171,"column":1},"end":{"line":171,"column":2}},"loc":{"start":{"line":171,"column":15},"end":{"line":173,"column":2}},"line":171},"16":{"name":"(anonymous_16)","decl":{"start":{"line":179,"column":1},"end":{"line":179,"column":2}},"loc":{"start":{"line":179,"column":11},"end":{"line":181,"column":2}},"line":179},"17":{"name":"(anonymous_17)","decl":{"start":{"line":187,"column":1},"end":{"line":187,"column":2}},"loc":{"start":{"line":187,"column":28},"end":{"line":189,"column":2}},"line":187}},"branchMap":{"0":{"loc":{"start":{"line":45,"column":13},"end":{"line":45,"column":30}},"type":"default-arg","locations":[{"start":{"line":45,"column":20},"end":{"line":45,"column":30}}],"line":45},"1":{"loc":{"start":{"line":45,"column":32},"end":{"line":45,"column":43}},"type":"default-arg","locations":[{"start":{"line":45,"column":38},"end":{"line":45,"column":43}}],"line":45},"2":{"loc":{"start":{"line":137,"column":57},"end":{"line":137,"column":181}},"type":"cond-expr","locations":[{"start":{"line":137,"column":74},"end":{"line":137,"column":177}},{"start":{"line":137,"column":180},"end":{"line":137,"column":181}}],"line":137},"3":{"loc":{"start":{"line":137,"column":116},"end":{"line":137,"column":176}},"type":"cond-expr","locations":[{"start":{"line":137,"column":171},"end":{"line":137,"column":172}},{"start":{"line":137,"column":175},"end":{"line":137,"column":176}}],"line":137},"4":{"loc":{"start":{"line":137,"column":116},"end":{"line":137,"column":168}},"type":"binary-expr","locations":[{"start":{"line":137,"column":116},"end":{"line":137,"column":129}},{"start":{"line":137,"column":133},"end":{"line":137,"column":150}},{"start":{"line":137,"column":154},"end":{"line":137,"column":168}}],"line":137},"5":{"loc":{"start":{"line":145,"column":31},"end":{"line":145,"column":156}},"type":"cond-expr","locations":[{"start":{"line":145,"column":50},"end":{"line":145,"column":112}},{"start":{"line":145,"column":115},"end":{"line":145,"column":156}}],"line":145},"6":{"loc":{"start":{"line":145,"column":50},"end":{"line":145,"column":112}},"type":"cond-expr","locations":[{"start":{"line":145,"column":105},"end":{"line":145,"column":107}},{"start":{"line":145,"column":110},"end":{"line":145,"column":112}}],"line":145},"7":{"loc":{"start":{"line":145,"column":50},"end":{"line":145,"column":102}},"type":"binary-expr","locations":[{"start":{"line":145,"column":50},"end":{"line":145,"column":63}},{"start":{"line":145,"column":67},"end":{"line":145,"column":84}},{"start":{"line":145,"column":88},"end":{"line":145,"column":102}}],"line":145},"8":{"loc":{"start":{"line":168,"column":41},"end":{"line":168,"column":320}},"type":"cond-expr","locations":[{"start":{"line":168,"column":59},"end":{"line":168,"column":64}},{"start":{"line":168,"column":67},"end":{"line":168,"column":320}}],"line":168}},"s":{"0":172,"1":172,"2":252,"3":677,"4":119,"5":121,"6":115,"7":149,"8":108,"9":67,"10":62,"11":3,"12":0,"13":2,"14":125,"15":2,"16":208,"17":0,"18":208},"f":{"0":172,"1":252,"2":677,"3":119,"4":121,"5":115,"6":149,"7":108,"8":67,"9":62,"10":3,"11":0,"12":2,"13":125,"14":2,"15":208,"16":0,"17":208},"b":{"0":[6],"1":[45],"2":[0,0],"3":[0,0],"4":[0,0,0],"5":[0,1],"6":[0,0],"7":[0,0,0],"8":[2,0]},"inputSourceMap":null,"_coverageSchema":"1a1c01bbd47fc00a2c39e90264f33305004495a9","hash":"662bbbdeedfd166ef91e682d5e19976f006a4684"}
,"/home/naquaduh/projects/date-time-js/src/js/constants.js": {"path":"/home/naquaduh/projects/date-time-js/src/js/constants.js","statementMap":{"0":{"start":{"line":5,"column":13},"end":{"line":16,"column":1}},"1":{"start":{"line":19,"column":16},"end":{"line":24,"column":1}},"2":{"start":{"line":27,"column":21},"end":{"line":35,"column":2}},"3":{"start":{"line":38,"column":18},"end":{"line":47,"column":1}},"4":{"start":{"line":50,"column":19},"end":{"line":59,"column":2}},"5":{"start":{"line":62,"column":25},"end":{"line":71,"column":2}},"6":{"start":{"line":74,"column":22},"end":{"line":74,"column":58}},"7":{"start":{"line":77,"column":25},"end":{"line":77,"column":165}},"8":{"start":{"line":80,"column":32},"end":{"line":91,"column":1}},"9":{"start":{"line":94,"column":23},"end":{"line":102,"column":1}}},"fnMap":{},"branchMap":{},"s":{"0":5,"1":5,"2":5,"3":5,"4":5,"5":5,"6":5,"7":5,"8":5,"9":5},"f":{},"b":{},"inputSourceMap":null,"_coverageSchema":"1a1c01bbd47fc00a2c39e90264f33305004495a9","hash":"09d2280fa92cd014a16c06cd99e63a9f441e4b11"}
,"/home/naquaduh/projects/date-time-js/src/js/date-formatter.js": {"path":"/home/naquaduh/projects/date-time-js/src/js/date-formatter.js","statementMap":{"0":{"start":{"line":13,"column":23},"end":{"line":13,"column":149}},"1":{"start":{"line":13,"column":35},"end":{"line":13,"column":149}},"2":{"start":{"line":16,"column":14},"end":{"line":43,"column":2}},"3":{"start":{"line":17,"column":21},"end":{"line":17,"column":47}},"4":{"start":{"line":18,"column":22},"end":{"line":18,"column":70}},"5":{"start":{"line":19,"column":22},"end":{"line":19,"column":74}},"6":{"start":{"line":20,"column":21},"end":{"line":20,"column":56}},"7":{"start":{"line":21,"column":22},"end":{"line":21,"column":84}},"8":{"start":{"line":22,"column":23},"end":{"line":22,"column":89}},"9":{"start":{"line":23,"column":21},"end":{"line":23,"column":49}},"10":{"start":{"line":24,"column":22},"end":{"line":24,"column":72}},"11":{"start":{"line":25,"column":23},"end":{"line":25,"column":84}},"12":{"start":{"line":26,"column":24},"end":{"line":26,"column":90}},"13":{"start":{"line":27,"column":24},"end":{"line":27,"column":71}},"14":{"start":{"line":28,"column":21},"end":{"line":28,"column":59}},"15":{"start":{"line":29,"column":22},"end":{"line":29,"column":71}},"16":{"start":{"line":30,"column":21},"end":{"line":30,"column":48}},"17":{"start":{"line":31,"column":22},"end":{"line":31,"column":71}},"18":{"start":{"line":32,"column":21},"end":{"line":32,"column":50}},"19":{"start":{"line":33,"column":22},"end":{"line":33,"column":73}},"20":{"start":{"line":34,"column":21},"end":{"line":34,"column":50}},"21":{"start":{"line":35,"column":22},"end":{"line":35,"column":73}},"22":{"start":{"line":36,"column":23},"end":{"line":36,"column":79}},"23":{"start":{"line":37,"column":21},"end":{"line":37,"column":67}},"24":{"start":{"line":38,"column":21},"end":{"line":38,"column":67}},"25":{"start":{"line":39,"column":21},"end":{"line":39,"column":117}},"26":{"start":{"line":40,"column":23},"end":{"line":40,"column":118}},"27":{"start":{"line":41,"column":21},"end":{"line":41,"column":124}},"28":{"start":{"line":42,"column":22},"end":{"line":42,"column":167}},"29":{"start":{"line":59,"column":24},"end":{"line":59,"column":56}},"30":{"start":{"line":60,"column":2},"end":{"line":62,"column":3}},"31":{"start":{"line":61,"column":3},"end":{"line":61,"column":32}},"32":{"start":{"line":63,"column":2},"end":{"line":63,"column":23}},"33":{"start":{"line":70,"column":18},"end":{"line":76,"column":5}},"34":{"start":{"line":71,"column":2},"end":{"line":73,"column":3}},"35":{"start":{"line":72,"column":3},"end":{"line":72,"column":57}},"36":{"start":{"line":72,"column":30},"end":{"line":72,"column":57}},"37":{"start":{"line":75,"column":2},"end":{"line":75,"column":23}},"38":{"start":{"line":86,"column":2},"end":{"line":86,"column":215}},"39":{"start":{"line":86,"column":104},"end":{"line":86,"column":172}}},"fnMap":{"0":{"name":"(anonymous_0)","decl":{"start":{"line":13,"column":23},"end":{"line":13,"column":24}},"loc":{"start":{"line":13,"column":35},"end":{"line":13,"column":149}},"line":13},"1":{"name":"(anonymous_1)","decl":{"start":{"line":17,"column":7},"end":{"line":17,"column":8}},"loc":{"start":{"line":17,"column":21},"end":{"line":17,"column":47}},"line":17},"2":{"name":"(anonymous_2)","decl":{"start":{"line":18,"column":8},"end":{"line":18,"column":9}},"loc":{"start":{"line":18,"column":22},"end":{"line":18,"column":70}},"line":18},"3":{"name":"(anonymous_3)","decl":{"start":{"line":19,"column":8},"end":{"line":19,"column":9}},"loc":{"start":{"line":19,"column":22},"end":{"line":19,"column":74}},"line":19},"4":{"name":"(anonymous_4)","decl":{"start":{"line":20,"column":7},"end":{"line":20,"column":8}},"loc":{"start":{"line":20,"column":21},"end":{"line":20,"column":56}},"line":20},"5":{"name":"(anonymous_5)","decl":{"start":{"line":21,"column":8},"end":{"line":21,"column":9}},"loc":{"start":{"line":21,"column":22},"end":{"line":21,"column":84}},"line":21},"6":{"name":"(anonymous_6)","decl":{"start":{"line":22,"column":9},"end":{"line":22,"column":10}},"loc":{"start":{"line":22,"column":23},"end":{"line":22,"column":89}},"line":22},"7":{"name":"(anonymous_7)","decl":{"start":{"line":23,"column":7},"end":{"line":23,"column":8}},"loc":{"start":{"line":23,"column":21},"end":{"line":23,"column":49}},"line":23},"8":{"name":"(anonymous_8)","decl":{"start":{"line":24,"column":8},"end":{"line":24,"column":9}},"loc":{"start":{"line":24,"column":22},"end":{"line":24,"column":72}},"line":24},"9":{"name":"(anonymous_9)","decl":{"start":{"line":25,"column":9},"end":{"line":25,"column":10}},"loc":{"start":{"line":25,"column":23},"end":{"line":25,"column":84}},"line":25},"10":{"name":"(anonymous_10)","decl":{"start":{"line":26,"column":10},"end":{"line":26,"column":11}},"loc":{"start":{"line":26,"column":24},"end":{"line":26,"column":90}},"line":26},"11":{"name":"(anonymous_11)","decl":{"start":{"line":27,"column":10},"end":{"line":27,"column":11}},"loc":{"start":{"line":27,"column":24},"end":{"line":27,"column":71}},"line":27},"12":{"name":"(anonymous_12)","decl":{"start":{"line":28,"column":7},"end":{"line":28,"column":8}},"loc":{"start":{"line":28,"column":21},"end":{"line":28,"column":59}},"line":28},"13":{"name":"(anonymous_13)","decl":{"start":{"line":29,"column":8},"end":{"line":29,"column":9}},"loc":{"start":{"line":29,"column":22},"end":{"line":29,"column":71}},"line":29},"14":{"name":"(anonymous_14)","decl":{"start":{"line":30,"column":7},"end":{"line":30,"column":8}},"loc":{"start":{"line":30,"column":21},"end":{"line":30,"column":48}},"line":30},"15":{"name":"(anonymous_15)","decl":{"start":{"line":31,"column":8},"end":{"line":31,"column":9}},"loc":{"start":{"line":31,"column":22},"end":{"line":31,"column":71}},"line":31},"16":{"name":"(anonymous_16)","decl":{"start":{"line":32,"column":7},"end":{"line":32,"column":8}},"loc":{"start":{"line":32,"column":21},"end":{"line":32,"column":50}},"line":32},"17":{"name":"(anonymous_17)","decl":{"start":{"line":33,"column":8},"end":{"line":33,"column":9}},"loc":{"start":{"line":33,"column":22},"end":{"line":33,"column":73}},"line":33},"18":{"name":"(anonymous_18)","decl":{"start":{"line":34,"column":7},"end":{"line":34,"column":8}},"loc":{"start":{"line":34,"column":21},"end":{"line":34,"column":50}},"line":34},"19":{"name":"(anonymous_19)","decl":{"start":{"line":35,"column":8},"end":{"line":35,"column":9}},"loc":{"start":{"line":35,"column":22},"end":{"line":35,"column":73}},"line":35},"20":{"name":"(anonymous_20)","decl":{"start":{"line":36,"column":9},"end":{"line":36,"column":10}},"loc":{"start":{"line":36,"column":23},"end":{"line":36,"column":79}},"line":36},"21":{"name":"(anonymous_21)","decl":{"start":{"line":37,"column":7},"end":{"line":37,"column":8}},"loc":{"start":{"line":37,"column":21},"end":{"line":37,"column":67}},"line":37},"22":{"name":"(anonymous_22)","decl":{"start":{"line":38,"column":7},"end":{"line":38,"column":8}},"loc":{"start":{"line":38,"column":21},"end":{"line":38,"column":67}},"line":38},"23":{"name":"(anonymous_23)","decl":{"start":{"line":39,"column":7},"end":{"line":39,"column":8}},"loc":{"start":{"line":39,"column":21},"end":{"line":39,"column":117}},"line":39},"24":{"name":"(anonymous_24)","decl":{"start":{"line":40,"column":9},"end":{"line":40,"column":10}},"loc":{"start":{"line":40,"column":23},"end":{"line":40,"column":118}},"line":40},"25":{"name":"(anonymous_25)","decl":{"start":{"line":41,"column":7},"end":{"line":41,"column":8}},"loc":{"start":{"line":41,"column":21},"end":{"line":41,"column":124}},"line":41},"26":{"name":"(anonymous_26)","decl":{"start":{"line":42,"column":8},"end":{"line":42,"column":9}},"loc":{"start":{"line":42,"column":22},"end":{"line":42,"column":167}},"line":42},"27":{"name":"(anonymous_27)","decl":{"start":{"line":58,"column":1},"end":{"line":58,"column":2}},"loc":{"start":{"line":58,"column":54},"end":{"line":64,"column":2}},"line":58},"28":{"name":"(anonymous_28)","decl":{"start":{"line":70,"column":19},"end":{"line":70,"column":20}},"loc":{"start":{"line":70,"column":25},"end":{"line":76,"column":2}},"line":70},"29":{"name":"(anonymous_29)","decl":{"start":{"line":85,"column":1},"end":{"line":85,"column":2}},"loc":{"start":{"line":85,"column":68},"end":{"line":87,"column":2}},"line":85},"30":{"name":"(anonymous_30)","decl":{"start":{"line":86,"column":84},"end":{"line":86,"column":85}},"loc":{"start":{"line":86,"column":104},"end":{"line":86,"column":172}},"line":86}},"branchMap":{"0":{"loc":{"start":{"line":13,"column":36},"end":{"line":13,"column":58}},"type":"cond-expr","locations":[{"start":{"line":13,"column":49},"end":{"line":13,"column":52}},{"start":{"line":13,"column":55},"end":{"line":13,"column":58}}],"line":13},"1":{"loc":{"start":{"line":28,"column":21},"end":{"line":28,"column":59}},"type":"binary-expr","locations":[{"start":{"line":28,"column":21},"end":{"line":28,"column":53}},{"start":{"line":28,"column":57},"end":{"line":28,"column":59}}],"line":28},"2":{"loc":{"start":{"line":37,"column":21},"end":{"line":37,"column":67}},"type":"cond-expr","locations":[{"start":{"line":37,"column":56},"end":{"line":37,"column":60}},{"start":{"line":37,"column":63},"end":{"line":37,"column":67}}],"line":37},"3":{"loc":{"start":{"line":38,"column":21},"end":{"line":38,"column":67}},"type":"cond-expr","locations":[{"start":{"line":38,"column":56},"end":{"line":38,"column":60}},{"start":{"line":38,"column":63},"end":{"line":38,"column":67}}],"line":38},"4":{"loc":{"start":{"line":39,"column":21},"end":{"line":39,"column":117}},"type":"cond-expr","locations":[{"start":{"line":39,"column":50},"end":{"line":39,"column":55}},{"start":{"line":39,"column":58},"end":{"line":39,"column":117}}],"line":39},"5":{"loc":{"start":{"line":40,"column":23},"end":{"line":40,"column":118}},"type":"cond-expr","locations":[{"start":{"line":40,"column":52},"end":{"line":40,"column":57}},{"start":{"line":40,"column":60},"end":{"line":40,"column":118}}],"line":40},"6":{"loc":{"start":{"line":41,"column":21},"end":{"line":41,"column":124}},"type":"cond-expr","locations":[{"start":{"line":41,"column":50},"end":{"line":41,"column":53}},{"start":{"line":41,"column":56},"end":{"line":41,"column":124}}],"line":41},"7":{"loc":{"start":{"line":42,"column":22},"end":{"line":42,"column":167}},"type":"cond-expr","locations":[{"start":{"line":42,"column":51},"end":{"line":42,"column":56}},{"start":{"line":42,"column":59},"end":{"line":42,"column":167}}],"line":42},"8":{"loc":{"start":{"line":58,"column":38},"end":{"line":58,"column":52}},"type":"default-arg","locations":[{"start":{"line":58,"column":47},"end":{"line":58,"column":52}}],"line":58},"9":{"loc":{"start":{"line":60,"column":2},"end":{"line":62,"column":3}},"type":"if","locations":[{"start":{"line":60,"column":2},"end":{"line":62,"column":3}},{"start":{},"end":{}}],"line":60},"10":{"loc":{"start":{"line":72,"column":3},"end":{"line":72,"column":57}},"type":"if","locations":[{"start":{"line":72,"column":3},"end":{"line":72,"column":57}},{"start":{},"end":{}}],"line":72},"11":{"loc":{"start":{"line":85,"column":34},"end":{"line":85,"column":66}},"type":"default-arg","locations":[{"start":{"line":85,"column":40},"end":{"line":85,"column":66}}],"line":85},"12":{"loc":{"start":{"line":86,"column":9},"end":{"line":86,"column":214}},"type":"cond-expr","locations":[{"start":{"line":86,"column":42},"end":{"line":86,"column":173}},{"start":{"line":86,"column":176},"end":{"line":86,"column":214}}],"line":86},"13":{"loc":{"start":{"line":86,"column":104},"end":{"line":86,"column":172}},"type":"binary-expr","locations":[{"start":{"line":86,"column":104},"end":{"line":86,"column":112}},{"start":{"line":86,"column":116},"end":{"line":86,"column":172}}],"line":86},"14":{"loc":{"start":{"line":86,"column":132},"end":{"line":86,"column":171}},"type":"cond-expr","locations":[{"start":{"line":86,"column":138},"end":{"line":86,"column":152}},{"start":{"line":86,"column":155},"end":{"line":86,"column":171}}],"line":86}},"s":{"0":5,"1":2,"2":5,"3":0,"4":42,"5":0,"6":0,"7":3,"8":0,"9":0,"10":39,"11":3,"12":0,"13":42,"14":38,"15":0,"16":0,"17":3,"18":0,"19":41,"20":0,"21":3,"22":0,"23":0,"24":38,"25":1,"26":0,"27":0,"28":2,"29":5,"30":5,"31":5,"32":5,"33":5,"34":5,"35":120,"36":95,"37":5,"38":44,"39":255},"f":{"0":2,"1":0,"2":42,"3":0,"4":0,"5":3,"6":0,"7":0,"8":39,"9":3,"10":0,"11":42,"12":38,"13":0,"14":0,"15":3,"16":0,"17":41,"18":0,"19":3,"20":0,"21":0,"22":38,"23":1,"24":0,"25":0,"26":2,"27":5,"28":5,"29":44,"30":255},"b":{"0":[2,0],"1":[38,19],"2":[0,0],"3":[26,12],"4":[0,1],"5":[0,0],"6":[0,0],"7":[0,2],"8":[0],"9":[5,0],"10":[95,25],"11":[0],"12":[42,2],"13":[255,255],"14":[96,159]},"inputSourceMap":null,"_coverageSchema":"1a1c01bbd47fc00a2c39e90264f33305004495a9","hash":"b4323c0c6be0fbebe50206a13b891d3cb8eda89a"}
,"/home/naquaduh/projects/date-time-js/src/js/date-parser.js": {"path":"/home/naquaduh/projects/date-time-js/src/js/date-parser.js","statementMap":{"0":{"start":{"line":17,"column":2},"end":{"line":17,"column":119}},"1":{"start":{"line":19,"column":2},"end":{"line":19,"column":42}},"2":{"start":{"line":35,"column":2},"end":{"line":47,"column":3}},"3":{"start":{"line":36,"column":28},"end":{"line":36,"column":68}},"4":{"start":{"line":37,"column":3},"end":{"line":40,"column":4}},"5":{"start":{"line":38,"column":4},"end":{"line":38,"column":89}},"6":{"start":{"line":39,"column":4},"end":{"line":39,"column":65}},"7":{"start":{"line":42,"column":3},"end":{"line":42,"column":47}},"8":{"start":{"line":44,"column":3},"end":{"line":46,"column":4}},"9":{"start":{"line":44,"column":16},"end":{"line":44,"column":17}},"10":{"start":{"line":44,"column":28},"end":{"line":44,"column":60}},"11":{"start":{"line":45,"column":4},"end":{"line":45,"column":71}},"12":{"start":{"line":45,"column":65},"end":{"line":45,"column":71}},"13":{"start":{"line":49,"column":2},"end":{"line":71,"column":3}},"14":{"start":{"line":50,"column":87},"end":{"line":50,"column":104}},"15":{"start":{"line":51,"column":3},"end":{"line":51,"column":54}},"16":{"start":{"line":53,"column":3},"end":{"line":68,"column":4}},"17":{"start":{"line":54,"column":4},"end":{"line":54,"column":15}},"18":{"start":{"line":55,"column":4},"end":{"line":58,"column":5}},"19":{"start":{"line":57,"column":5},"end":{"line":57,"column":82}},"20":{"start":{"line":59,"column":10},"end":{"line":68,"column":4}},"21":{"start":{"line":60,"column":4},"end":{"line":60,"column":17}},"22":{"start":{"line":61,"column":4},"end":{"line":67,"column":5}},"23":{"start":{"line":63,"column":5},"end":{"line":63,"column":16}},"24":{"start":{"line":64,"column":11},"end":{"line":67,"column":5}},"25":{"start":{"line":66,"column":5},"end":{"line":66,"column":14}},"26":{"start":{"line":70,"column":3},"end":{"line":70,"column":91}},"27":{"start":{"line":73,"column":2},"end":{"line":73,"column":59}},"28":{"start":{"line":83,"column":28},"end":{"line":102,"column":1}},"29":{"start":{"line":84,"column":27},"end":{"line":84,"column":29}},"30":{"start":{"line":85,"column":20},"end":{"line":85,"column":53}},"31":{"start":{"line":86,"column":31},"end":{"line":86,"column":82}},"32":{"start":{"line":88,"column":1},"end":{"line":99,"column":2}},"33":{"start":{"line":89,"column":26},"end":{"line":89,"column":79}},"34":{"start":{"line":90,"column":2},"end":{"line":92,"column":3}},"35":{"start":{"line":91,"column":3},"end":{"line":91,"column":57}},"36":{"start":{"line":94,"column":24},"end":{"line":94,"column":57}},"37":{"start":{"line":95,"column":2},"end":{"line":95,"column":104}},"38":{"start":{"line":95,"column":65},"end":{"line":95,"column":103}},"39":{"start":{"line":96,"column":2},"end":{"line":96,"column":93}},"40":{"start":{"line":96,"column":67},"end":{"line":96,"column":92}},"41":{"start":{"line":98,"column":2},"end":{"line":98,"column":62}},"42":{"start":{"line":101,"column":1},"end":{"line":101,"column":131}},"43":{"start":{"line":110,"column":29},"end":{"line":110,"column":152}},"44":{"start":{"line":110,"column":42},"end":{"line":110,"column":152}},"45":{"start":{"line":110,"column":93},"end":{"line":110,"column":151}},"46":{"start":{"line":118,"column":22},"end":{"line":128,"column":1}},"47":{"start":{"line":119,"column":14},"end":{"line":119,"column":16}},"48":{"start":{"line":121,"column":1},"end":{"line":125,"column":2}},"49":{"start":{"line":121,"column":14},"end":{"line":121,"column":15}},"50":{"start":{"line":121,"column":26},"end":{"line":121,"column":46}},"51":{"start":{"line":122,"column":2},"end":{"line":122,"column":27}},"52":{"start":{"line":123,"column":2},"end":{"line":123,"column":56}},"53":{"start":{"line":124,"column":2},"end":{"line":124,"column":78}},"54":{"start":{"line":127,"column":1},"end":{"line":127,"column":15}},"55":{"start":{"line":136,"column":26},"end":{"line":139,"column":1}},"56":{"start":{"line":137,"column":36},"end":{"line":137,"column":108}},"57":{"start":{"line":138,"column":1},"end":{"line":138,"column":29}}},"fnMap":{"0":{"name":"(anonymous_0)","decl":{"start":{"line":15,"column":1},"end":{"line":15,"column":2}},"loc":{"start":{"line":15,"column":51},"end":{"line":20,"column":2}},"line":15},"1":{"name":"(anonymous_1)","decl":{"start":{"line":32,"column":1},"end":{"line":32,"column":2}},"loc":{"start":{"line":32,"column":39},"end":{"line":74,"column":2}},"line":32},"2":{"name":"(anonymous_2)","decl":{"start":{"line":83,"column":28},"end":{"line":83,"column":29}},"loc":{"start":{"line":83,"column":58},"end":{"line":102,"column":1}},"line":83},"3":{"name":"(anonymous_3)","decl":{"start":{"line":95,"column":47},"end":{"line":95,"column":48}},"loc":{"start":{"line":95,"column":65},"end":{"line":95,"column":103}},"line":95},"4":{"name":"(anonymous_4)","decl":{"start":{"line":96,"column":49},"end":{"line":96,"column":50}},"loc":{"start":{"line":96,"column":67},"end":{"line":96,"column":92}},"line":96},"5":{"name":"(anonymous_5)","decl":{"start":{"line":110,"column":29},"end":{"line":110,"column":30}},"loc":{"start":{"line":110,"column":42},"end":{"line":110,"column":152}},"line":110},"6":{"name":"(anonymous_6)","decl":{"start":{"line":110,"column":69},"end":{"line":110,"column":70}},"loc":{"start":{"line":110,"column":93},"end":{"line":110,"column":151}},"line":110},"7":{"name":"(anonymous_7)","decl":{"start":{"line":118,"column":22},"end":{"line":118,"column":23}},"loc":{"start":{"line":118,"column":65},"end":{"line":128,"column":1}},"line":118},"8":{"name":"(anonymous_8)","decl":{"start":{"line":136,"column":26},"end":{"line":136,"column":27}},"loc":{"start":{"line":136,"column":43},"end":{"line":139,"column":1}},"line":136}},"branchMap":{"0":{"loc":{"start":{"line":32,"column":15},"end":{"line":32,"column":26}},"type":"default-arg","locations":[{"start":{"line":32,"column":21},"end":{"line":32,"column":26}}],"line":32},"1":{"loc":{"start":{"line":35,"column":2},"end":{"line":47,"column":3}},"type":"if","locations":[{"start":{"line":35,"column":2},"end":{"line":47,"column":3}},{"start":{"line":43,"column":9},"end":{"line":47,"column":3}}],"line":35},"2":{"loc":{"start":{"line":37,"column":3},"end":{"line":40,"column":4}},"type":"if","locations":[{"start":{"line":37,"column":3},"end":{"line":40,"column":4}},{"start":{},"end":{}}],"line":37},"3":{"loc":{"start":{"line":45,"column":4},"end":{"line":45,"column":71}},"type":"if","locations":[{"start":{"line":45,"column":4},"end":{"line":45,"column":71}},{"start":{},"end":{}}],"line":45},"4":{"loc":{"start":{"line":49,"column":2},"end":{"line":71,"column":3}},"type":"if","locations":[{"start":{"line":49,"column":2},"end":{"line":71,"column":3}},{"start":{},"end":{}}],"line":49},"5":{"loc":{"start":{"line":51,"column":17},"end":{"line":51,"column":53}},"type":"binary-expr","locations":[{"start":{"line":51,"column":17},"end":{"line":51,"column":48}},{"start":{"line":51,"column":52},"end":{"line":51,"column":53}}],"line":51},"6":{"loc":{"start":{"line":53,"column":3},"end":{"line":68,"column":4}},"type":"if","locations":[{"start":{"line":53,"column":3},"end":{"line":68,"column":4}},{"start":{"line":59,"column":10},"end":{"line":68,"column":4}}],"line":53},"7":{"loc":{"start":{"line":55,"column":4},"end":{"line":58,"column":5}},"type":"if","locations":[{"start":{"line":55,"column":4},"end":{"line":58,"column":5}},{"start":{},"end":{}}],"line":55},"8":{"loc":{"start":{"line":57,"column":22},"end":{"line":57,"column":74}},"type":"cond-expr","locations":[{"start":{"line":57,"column":42},"end":{"line":57,"column":43}},{"start":{"line":57,"column":46},"end":{"line":57,"column":74}}],"line":57},"9":{"loc":{"start":{"line":59,"column":10},"end":{"line":68,"column":4}},"type":"if","locations":[{"start":{"line":59,"column":10},"end":{"line":68,"column":4}},{"start":{},"end":{}}],"line":59},"10":{"loc":{"start":{"line":61,"column":4},"end":{"line":67,"column":5}},"type":"if","locations":[{"start":{"line":61,"column":4},"end":{"line":67,"column":5}},{"start":{"line":64,"column":11},"end":{"line":67,"column":5}}],"line":61},"11":{"loc":{"start":{"line":61,"column":8},"end":{"line":61,"column":51}},"type":"binary-expr","locations":[{"start":{"line":61,"column":8},"end":{"line":61,"column":38}},{"start":{"line":61,"column":42},"end":{"line":61,"column":51}}],"line":61},"12":{"loc":{"start":{"line":64,"column":11},"end":{"line":67,"column":5}},"type":"if","locations":[{"start":{"line":64,"column":11},"end":{"line":67,"column":5}},{"start":{},"end":{}}],"line":64},"13":{"loc":{"start":{"line":64,"column":15},"end":{"line":64,"column":59}},"type":"binary-expr","locations":[{"start":{"line":64,"column":15},"end":{"line":64,"column":45}},{"start":{"line":64,"column":49},"end":{"line":64,"column":59}}],"line":64},"14":{"loc":{"start":{"line":73,"column":26},"end":{"line":73,"column":52}},"type":"binary-expr","locations":[{"start":{"line":73,"column":26},"end":{"line":73,"column":36}},{"start":{"line":73,"column":40},"end":{"line":73,"column":52}}],"line":73},"15":{"loc":{"start":{"line":88,"column":1},"end":{"line":99,"column":2}},"type":"if","locations":[{"start":{"line":88,"column":1},"end":{"line":99,"column":2}},{"start":{},"end":{}}],"line":88},"16":{"loc":{"start":{"line":90,"column":2},"end":{"line":92,"column":3}},"type":"if","locations":[{"start":{"line":90,"column":2},"end":{"line":92,"column":3}},{"start":{},"end":{}}],"line":90},"17":{"loc":{"start":{"line":110,"column":93},"end":{"line":110,"column":151}},"type":"binary-expr","locations":[{"start":{"line":110,"column":93},"end":{"line":110,"column":119}},{"start":{"line":110,"column":123},"end":{"line":110,"column":151}}],"line":110},"18":{"loc":{"start":{"line":118,"column":38},"end":{"line":118,"column":60}},"type":"default-arg","locations":[{"start":{"line":118,"column":58},"end":{"line":118,"column":60}}],"line":118},"19":{"loc":{"start":{"line":124,"column":12},"end":{"line":124,"column":77}},"type":"binary-expr","locations":[{"start":{"line":124,"column":12},"end":{"line":124,"column":52}},{"start":{"line":124,"column":56},"end":{"line":124,"column":68}},{"start":{"line":124,"column":72},"end":{"line":124,"column":77}}],"line":124},"20":{"loc":{"start":{"line":136,"column":27},"end":{"line":136,"column":38}},"type":"default-arg","locations":[{"start":{"line":136,"column":36},"end":{"line":136,"column":38}}],"line":136},"21":{"loc":{"start":{"line":137,"column":9},"end":{"line":137,"column":18}},"type":"default-arg","locations":[{"start":{"line":137,"column":17},"end":{"line":137,"column":18}}],"line":137},"22":{"loc":{"start":{"line":137,"column":20},"end":{"line":137,"column":31}},"type":"default-arg","locations":[{"start":{"line":137,"column":30},"end":{"line":137,"column":31}}],"line":137},"23":{"loc":{"start":{"line":137,"column":36},"end":{"line":137,"column":108}},"type":"cond-expr","locations":[{"start":{"line":137,"column":59},"end":{"line":137,"column":88}},{"start":{"line":137,"column":91},"end":{"line":137,"column":108}}],"line":137}},"s":{"0":6,"1":6,"2":28,"3":11,"4":11,"5":5,"6":5,"7":11,"8":17,"9":17,"10":17,"11":22,"12":13,"13":28,"14":24,"15":24,"16":24,"17":3,"18":3,"19":3,"20":21,"21":3,"22":3,"23":3,"24":0,"25":0,"26":24,"27":28,"28":5,"29":6,"30":6,"31":6,"32":6,"33":6,"34":6,"35":6,"36":6,"37":6,"38":6,"39":6,"40":6,"41":6,"42":6,"43":5,"44":17,"45":181,"46":5,"47":17,"48":17,"49":17,"50":17,"51":99,"52":99,"53":99,"54":17,"55":5,"56":0,"57":0},"f":{"0":6,"1":28,"2":6,"3":6,"4":6,"5":17,"6":181,"7":17,"8":0},"b":{"0":[0],"1":[11,17],"2":[5,6],"3":[13,9],"4":[24,4],"5":[24,20],"6":[3,21],"7":[3,0],"8":[3,0],"9":[3,18],"10":[3,0],"11":[3,3],"12":[0,0],"13":[0,0],"14":[28,4],"15":[6,0],"16":[6,0],"17":[181,137],"18":[11],"19":[99,87,32],"20":[0],"21":[0],"22":[0],"23":[0,0]},"inputSourceMap":null,"_coverageSchema":"1a1c01bbd47fc00a2c39e90264f33305004495a9","hash":"90f8b46bb250b5d44b7891da5f5ef5bd0e2d3b96"}
,"/home/naquaduh/projects/date-time-js/src/js/date-time.js": {"path":"/home/naquaduh/projects/date-time-js/src/js/date-time.js","statementMap":{"0":{"start":{"line":21,"column":27},"end":{"line":27,"column":1}},"1":{"start":{"line":22,"column":1},"end":{"line":26,"column":2}},"2":{"start":{"line":23,"column":17},"end":{"line":23,"column":192}},"3":{"start":{"line":24,"column":15},"end":{"line":24,"column":53}},"4":{"start":{"line":25,"column":11},"end":{"line":25,"column":27}},"5":{"start":{"line":52,"column":2},"end":{"line":77,"column":3}},"6":{"start":{"line":54,"column":4},"end":{"line":54,"column":38}},"7":{"start":{"line":56,"column":4},"end":{"line":56,"column":79}},"8":{"start":{"line":57,"column":4},"end":{"line":57,"column":10}},"9":{"start":{"line":61,"column":4},"end":{"line":61,"column":44}},"10":{"start":{"line":62,"column":4},"end":{"line":62,"column":22}},"11":{"start":{"line":65,"column":4},"end":{"line":65,"column":73}},"12":{"start":{"line":66,"column":4},"end":{"line":66,"column":10}},"13":{"start":{"line":69,"column":4},"end":{"line":69,"column":74}},"14":{"start":{"line":70,"column":4},"end":{"line":70,"column":10}},"15":{"start":{"line":73,"column":4},"end":{"line":73,"column":30}},"16":{"start":{"line":74,"column":4},"end":{"line":74,"column":10}},"17":{"start":{"line":76,"column":12},"end":{"line":76,"column":64}},"18":{"start":{"line":79,"column":2},"end":{"line":82,"column":3}},"19":{"start":{"line":80,"column":3},"end":{"line":80,"column":39}},"20":{"start":{"line":81,"column":3},"end":{"line":81,"column":86}},"21":{"start":{"line":83,"column":2},"end":{"line":83,"column":22}},"22":{"start":{"line":92,"column":2},"end":{"line":92,"column":31}},"23":{"start":{"line":96,"column":15},"end":{"line":96,"column":27}},"24":{"start":{"line":99,"column":17},"end":{"line":99,"column":27}},"25":{"start":{"line":102,"column":25},"end":{"line":102,"column":45}},"26":{"start":{"line":114,"column":2},"end":{"line":114,"column":60}},"27":{"start":{"line":128,"column":2},"end":{"line":128,"column":54}},"28":{"start":{"line":138,"column":2},"end":{"line":138,"column":47}},"29":{"start":{"line":138,"column":32},"end":{"line":138,"column":45}},"30":{"start":{"line":148,"column":2},"end":{"line":148,"column":47}},"31":{"start":{"line":148,"column":32},"end":{"line":148,"column":45}},"32":{"start":{"line":159,"column":2},"end":{"line":159,"column":85}},"33":{"start":{"line":169,"column":2},"end":{"line":169,"column":89}},"34":{"start":{"line":178,"column":2},"end":{"line":178,"column":43}},"35":{"start":{"line":178,"column":31},"end":{"line":178,"column":43}},"36":{"start":{"line":180,"column":2},"end":{"line":180,"column":150}},"37":{"start":{"line":189,"column":2},"end":{"line":189,"column":42}},"38":{"start":{"line":189,"column":30},"end":{"line":189,"column":42}},"39":{"start":{"line":191,"column":2},"end":{"line":191,"column":171}},"40":{"start":{"line":202,"column":2},"end":{"line":202,"column":96}},"41":{"start":{"line":213,"column":2},"end":{"line":213,"column":101}},"42":{"start":{"line":223,"column":2},"end":{"line":223,"column":42}},"43":{"start":{"line":234,"column":2},"end":{"line":243,"column":3}},"44":{"start":{"line":235,"column":31},"end":{"line":235,"column":72}},"45":{"start":{"line":236,"column":32},"end":{"line":236,"column":74}},"46":{"start":{"line":237,"column":31},"end":{"line":237,"column":72}},"47":{"start":{"line":238,"column":30},"end":{"line":238,"column":70}},"48":{"start":{"line":239,"column":31},"end":{"line":239,"column":72}},"49":{"start":{"line":240,"column":33},"end":{"line":240,"column":76}},"50":{"start":{"line":241,"column":33},"end":{"line":241,"column":76}},"51":{"start":{"line":242,"column":12},"end":{"line":242,"column":60}},"52":{"start":{"line":254,"column":15},"end":{"line":254,"column":39}},"53":{"start":{"line":255,"column":2},"end":{"line":255,"column":103}},"54":{"start":{"line":256,"column":2},"end":{"line":256,"column":101}},"55":{"start":{"line":266,"column":2},"end":{"line":266,"column":45}},"56":{"start":{"line":275,"column":2},"end":{"line":275,"column":46}},"57":{"start":{"line":284,"column":2},"end":{"line":284,"column":44}},"58":{"start":{"line":293,"column":2},"end":{"line":293,"column":45}},"59":{"start":{"line":302,"column":2},"end":{"line":302,"column":47}},"60":{"start":{"line":311,"column":2},"end":{"line":311,"column":47}},"61":{"start":{"line":320,"column":2},"end":{"line":320,"column":52}},"62":{"start":{"line":331,"column":2},"end":{"line":331,"column":50}},"63":{"start":{"line":340,"column":2},"end":{"line":340,"column":34}},"64":{"start":{"line":348,"column":2},"end":{"line":348,"column":33}},"65":{"start":{"line":356,"column":2},"end":{"line":356,"column":34}},"66":{"start":{"line":364,"column":2},"end":{"line":364,"column":32}},"67":{"start":{"line":372,"column":2},"end":{"line":372,"column":33}},"68":{"start":{"line":380,"column":2},"end":{"line":380,"column":35}},"69":{"start":{"line":388,"column":2},"end":{"line":388,"column":35}},"70":{"start":{"line":396,"column":2},"end":{"line":396,"column":40}},"71":{"start":{"line":405,"column":2},"end":{"line":405,"column":22}},"72":{"start":{"line":414,"column":2},"end":{"line":414,"column":33}},"73":{"start":{"line":423,"column":2},"end":{"line":423,"column":31}},"74":{"start":{"line":432,"column":2},"end":{"line":432,"column":48}},"75":{"start":{"line":440,"column":2},"end":{"line":440,"column":40}},"76":{"start":{"line":448,"column":2},"end":{"line":448,"column":41}},"77":{"start":{"line":457,"column":2},"end":{"line":457,"column":36}},"78":{"start":{"line":465,"column":2},"end":{"line":465,"column":32}},"79":{"start":{"line":473,"column":2},"end":{"line":473,"column":83}},"80":{"start":{"line":481,"column":2},"end":{"line":481,"column":107}},"81":{"start":{"line":490,"column":2},"end":{"line":490,"column":34}},"82":{"start":{"line":500,"column":2},"end":{"line":500,"column":47}},"83":{"start":{"line":509,"column":2},"end":{"line":509,"column":98}},"84":{"start":{"line":518,"column":2},"end":{"line":518,"column":43}},"85":{"start":{"line":529,"column":2},"end":{"line":529,"column":50}},"86":{"start":{"line":538,"column":2},"end":{"line":538,"column":144}},"87":{"start":{"line":547,"column":2},"end":{"line":547,"column":140}},"88":{"start":{"line":556,"column":2},"end":{"line":556,"column":130}},"89":{"start":{"line":565,"column":2},"end":{"line":565,"column":138}},"90":{"start":{"line":573,"column":2},"end":{"line":573,"column":54}},"91":{"start":{"line":581,"column":4},"end":{"line":581,"column":22}}},"fnMap":{"0":{"name":"(anonymous_0)","decl":{"start":{"line":21,"column":27},"end":{"line":21,"column":28}},"loc":{"start":{"line":21,"column":63},"end":{"line":27,"column":1}},"line":21},"1":{"name":"(anonymous_1)","decl":{"start":{"line":51,"column":1},"end":{"line":51,"column":2}},"loc":{"start":{"line":51,"column":85},"end":{"line":84,"column":2}},"line":51},"2":{"name":"(anonymous_2)","decl":{"start":{"line":91,"column":1},"end":{"line":91,"column":2}},"loc":{"start":{"line":91,"column":22},"end":{"line":93,"column":2}},"line":91},"3":{"name":"(anonymous_3)","decl":{"start":{"line":113,"column":1},"end":{"line":113,"column":2}},"loc":{"start":{"line":113,"column":44},"end":{"line":115,"column":2}},"line":113},"4":{"name":"(anonymous_4)","decl":{"start":{"line":127,"column":1},"end":{"line":127,"column":2}},"loc":{"start":{"line":127,"column":51},"end":{"line":129,"column":2}},"line":127},"5":{"name":"(anonymous_5)","decl":{"start":{"line":137,"column":1},"end":{"line":137,"column":2}},"loc":{"start":{"line":137,"column":22},"end":{"line":139,"column":2}},"line":137},"6":{"name":"(anonymous_6)","decl":{"start":{"line":138,"column":22},"end":{"line":138,"column":23}},"loc":{"start":{"line":138,"column":32},"end":{"line":138,"column":45}},"line":138},"7":{"name":"(anonymous_7)","decl":{"start":{"line":147,"column":1},"end":{"line":147,"column":2}},"loc":{"start":{"line":147,"column":22},"end":{"line":149,"column":2}},"line":147},"8":{"name":"(anonymous_8)","decl":{"start":{"line":148,"column":22},"end":{"line":148,"column":23}},"loc":{"start":{"line":148,"column":32},"end":{"line":148,"column":45}},"line":148},"9":{"name":"(anonymous_9)","decl":{"start":{"line":158,"column":1},"end":{"line":158,"column":2}},"loc":{"start":{"line":158,"column":44},"end":{"line":160,"column":2}},"line":158},"10":{"name":"(anonymous_10)","decl":{"start":{"line":168,"column":1},"end":{"line":168,"column":2}},"loc":{"start":{"line":168,"column":15},"end":{"line":170,"column":2}},"line":168},"11":{"name":"(anonymous_11)","decl":{"start":{"line":177,"column":1},"end":{"line":177,"column":2}},"loc":{"start":{"line":177,"column":9},"end":{"line":181,"column":2}},"line":177},"12":{"name":"(anonymous_12)","decl":{"start":{"line":188,"column":1},"end":{"line":188,"column":2}},"loc":{"start":{"line":188,"column":7},"end":{"line":192,"column":2}},"line":188},"13":{"name":"(anonymous_13)","decl":{"start":{"line":201,"column":1},"end":{"line":201,"column":2}},"loc":{"start":{"line":201,"column":20},"end":{"line":203,"column":2}},"line":201},"14":{"name":"(anonymous_14)","decl":{"start":{"line":212,"column":1},"end":{"line":212,"column":2}},"loc":{"start":{"line":212,"column":25},"end":{"line":214,"column":2}},"line":212},"15":{"name":"(anonymous_15)","decl":{"start":{"line":222,"column":1},"end":{"line":222,"column":2}},"loc":{"start":{"line":222,"column":20},"end":{"line":224,"column":2}},"line":222},"16":{"name":"(anonymous_16)","decl":{"start":{"line":233,"column":1},"end":{"line":233,"column":2}},"loc":{"start":{"line":233,"column":24},"end":{"line":244,"column":2}},"line":233},"17":{"name":"(anonymous_17)","decl":{"start":{"line":253,"column":1},"end":{"line":253,"column":2}},"loc":{"start":{"line":253,"column":18},"end":{"line":257,"column":2}},"line":253},"18":{"name":"(anonymous_18)","decl":{"start":{"line":265,"column":1},"end":{"line":265,"column":2}},"loc":{"start":{"line":265,"column":16},"end":{"line":267,"column":2}},"line":265},"19":{"name":"(anonymous_19)","decl":{"start":{"line":274,"column":1},"end":{"line":274,"column":2}},"loc":{"start":{"line":274,"column":17},"end":{"line":276,"column":2}},"line":274},"20":{"name":"(anonymous_20)","decl":{"start":{"line":283,"column":1},"end":{"line":283,"column":2}},"loc":{"start":{"line":283,"column":15},"end":{"line":285,"column":2}},"line":283},"21":{"name":"(anonymous_21)","decl":{"start":{"line":292,"column":1},"end":{"line":292,"column":2}},"loc":{"start":{"line":292,"column":16},"end":{"line":294,"column":2}},"line":292},"22":{"name":"(anonymous_22)","decl":{"start":{"line":301,"column":1},"end":{"line":301,"column":2}},"loc":{"start":{"line":301,"column":18},"end":{"line":303,"column":2}},"line":301},"23":{"name":"(anonymous_23)","decl":{"start":{"line":310,"column":1},"end":{"line":310,"column":2}},"loc":{"start":{"line":310,"column":18},"end":{"line":312,"column":2}},"line":310},"24":{"name":"(anonymous_24)","decl":{"start":{"line":319,"column":1},"end":{"line":319,"column":2}},"loc":{"start":{"line":319,"column":23},"end":{"line":321,"column":2}},"line":319},"25":{"name":"(anonymous_25)","decl":{"start":{"line":330,"column":1},"end":{"line":330,"column":2}},"loc":{"start":{"line":330,"column":19},"end":{"line":332,"column":2}},"line":330},"26":{"name":"(anonymous_26)","decl":{"start":{"line":339,"column":1},"end":{"line":339,"column":2}},"loc":{"start":{"line":339,"column":11},"end":{"line":341,"column":2}},"line":339},"27":{"name":"(anonymous_27)","decl":{"start":{"line":347,"column":1},"end":{"line":347,"column":2}},"loc":{"start":{"line":347,"column":11},"end":{"line":349,"column":2}},"line":347},"28":{"name":"(anonymous_28)","decl":{"start":{"line":355,"column":1},"end":{"line":355,"column":2}},"loc":{"start":{"line":355,"column":12},"end":{"line":357,"column":2}},"line":355},"29":{"name":"(anonymous_29)","decl":{"start":{"line":363,"column":1},"end":{"line":363,"column":2}},"loc":{"start":{"line":363,"column":10},"end":{"line":365,"column":2}},"line":363},"30":{"name":"(anonymous_30)","decl":{"start":{"line":371,"column":1},"end":{"line":371,"column":2}},"loc":{"start":{"line":371,"column":11},"end":{"line":373,"column":2}},"line":371},"31":{"name":"(anonymous_31)","decl":{"start":{"line":379,"column":1},"end":{"line":379,"column":2}},"loc":{"start":{"line":379,"column":13},"end":{"line":381,"column":2}},"line":379},"32":{"name":"(anonymous_32)","decl":{"start":{"line":387,"column":1},"end":{"line":387,"column":2}},"loc":{"start":{"line":387,"column":13},"end":{"line":389,"column":2}},"line":387},"33":{"name":"(anonymous_33)","decl":{"start":{"line":395,"column":1},"end":{"line":395,"column":2}},"loc":{"start":{"line":395,"column":18},"end":{"line":397,"column":2}},"line":395},"34":{"name":"(anonymous_34)","decl":{"start":{"line":404,"column":1},"end":{"line":404,"column":2}},"loc":{"start":{"line":404,"column":13},"end":{"line":406,"column":2}},"line":404},"35":{"name":"(anonymous_35)","decl":{"start":{"line":413,"column":1},"end":{"line":413,"column":2}},"loc":{"start":{"line":413,"column":15},"end":{"line":415,"column":2}},"line":413},"36":{"name":"(anonymous_36)","decl":{"start":{"line":422,"column":1},"end":{"line":422,"column":2}},"loc":{"start":{"line":422,"column":21},"end":{"line":424,"column":2}},"line":422},"37":{"name":"(anonymous_37)","decl":{"start":{"line":431,"column":1},"end":{"line":431,"column":2}},"loc":{"start":{"line":431,"column":33},"end":{"line":433,"column":2}},"line":431},"38":{"name":"(anonymous_38)","decl":{"start":{"line":439,"column":1},"end":{"line":439,"column":2}},"loc":{"start":{"line":439,"column":18},"end":{"line":441,"column":2}},"line":439},"39":{"name":"(anonymous_39)","decl":{"start":{"line":447,"column":1},"end":{"line":447,"column":2}},"loc":{"start":{"line":447,"column":16},"end":{"line":449,"column":2}},"line":447},"40":{"name":"(anonymous_40)","decl":{"start":{"line":456,"column":1},"end":{"line":456,"column":2}},"loc":{"start":{"line":456,"column":11},"end":{"line":458,"column":2}},"line":456},"41":{"name":"(anonymous_41)","decl":{"start":{"line":464,"column":1},"end":{"line":464,"column":2}},"loc":{"start":{"line":464,"column":9},"end":{"line":466,"column":2}},"line":464},"42":{"name":"(anonymous_42)","decl":{"start":{"line":472,"column":1},"end":{"line":472,"column":2}},"loc":{"start":{"line":472,"column":25},"end":{"line":474,"column":2}},"line":472},"43":{"name":"(anonymous_43)","decl":{"start":{"line":480,"column":1},"end":{"line":480,"column":2}},"loc":{"start":{"line":480,"column":14},"end":{"line":482,"column":2}},"line":480},"44":{"name":"(anonymous_44)","decl":{"start":{"line":489,"column":1},"end":{"line":489,"column":2}},"loc":{"start":{"line":489,"column":10},"end":{"line":491,"column":2}},"line":489},"45":{"name":"(anonymous_45)","decl":{"start":{"line":499,"column":1},"end":{"line":499,"column":2}},"loc":{"start":{"line":499,"column":18},"end":{"line":501,"column":2}},"line":499},"46":{"name":"(anonymous_46)","decl":{"start":{"line":508,"column":1},"end":{"line":508,"column":2}},"loc":{"start":{"line":508,"column":9},"end":{"line":510,"column":2}},"line":508},"47":{"name":"(anonymous_47)","decl":{"start":{"line":517,"column":1},"end":{"line":517,"column":2}},"loc":{"start":{"line":517,"column":11},"end":{"line":519,"column":2}},"line":517},"48":{"name":"(anonymous_48)","decl":{"start":{"line":528,"column":1},"end":{"line":528,"column":2}},"loc":{"start":{"line":528,"column":75},"end":{"line":530,"column":2}},"line":528},"49":{"name":"(anonymous_49)","decl":{"start":{"line":537,"column":1},"end":{"line":537,"column":2}},"loc":{"start":{"line":537,"column":12},"end":{"line":539,"column":2}},"line":537},"50":{"name":"(anonymous_50)","decl":{"start":{"line":546,"column":1},"end":{"line":546,"column":2}},"loc":{"start":{"line":546,"column":31},"end":{"line":548,"column":2}},"line":546},"51":{"name":"(anonymous_51)","decl":{"start":{"line":555,"column":1},"end":{"line":555,"column":2}},"loc":{"start":{"line":555,"column":35},"end":{"line":557,"column":2}},"line":555},"52":{"name":"(anonymous_52)","decl":{"start":{"line":564,"column":1},"end":{"line":564,"column":2}},"loc":{"start":{"line":564,"column":35},"end":{"line":566,"column":2}},"line":564},"53":{"name":"(anonymous_53)","decl":{"start":{"line":572,"column":1},"end":{"line":572,"column":2}},"loc":{"start":{"line":572,"column":15},"end":{"line":574,"column":2}},"line":572},"54":{"name":"(anonymous_54)","decl":{"start":{"line":580,"column":1},"end":{"line":580,"column":2}},"loc":{"start":{"line":580,"column":28},"end":{"line":582,"column":3}},"line":580}},"branchMap":{"0":{"loc":{"start":{"line":22,"column":1},"end":{"line":26,"column":2}},"type":"switch","locations":[{"start":{"line":23,"column":2},"end":{"line":23,"column":192}},{"start":{"line":24,"column":2},"end":{"line":24,"column":53}},{"start":{"line":25,"column":2},"end":{"line":25,"column":27}}],"line":22},"1":{"loc":{"start":{"line":51,"column":13},"end":{"line":51,"column":30}},"type":"default-arg","locations":[{"start":{"line":51,"column":20},"end":{"line":51,"column":30}}],"line":51},"2":{"loc":{"start":{"line":51,"column":32},"end":{"line":51,"column":83}},"type":"default-arg","locations":[{"start":{"line":51,"column":81},"end":{"line":51,"column":83}}],"line":51},"3":{"loc":{"start":{"line":51,"column":34},"end":{"line":51,"column":45}},"type":"default-arg","locations":[{"start":{"line":51,"column":40},"end":{"line":51,"column":45}}],"line":51},"4":{"loc":{"start":{"line":51,"column":47},"end":{"line":51,"column":67}},"type":"default-arg","locations":[{"start":{"line":51,"column":56},"end":{"line":51,"column":67}}],"line":51},"5":{"loc":{"start":{"line":52,"column":2},"end":{"line":77,"column":3}},"type":"switch","locations":[{"start":{"line":53,"column":3},"end":{"line":58,"column":4}},{"start":{"line":59,"column":3},"end":{"line":63,"column":4}},{"start":{"line":64,"column":3},"end":{"line":64,"column":13}},{"start":{"line":64,"column":14},"end":{"line":67,"column":4}},{"start":{"line":68,"column":3},"end":{"line":71,"column":4}},{"start":{"line":72,"column":3},"end":{"line":75,"column":4}},{"start":{"line":76,"column":3},"end":{"line":76,"column":64}}],"line":52},"6":{"loc":{"start":{"line":61,"column":7},"end":{"line":61,"column":16}},"type":"default-arg","locations":[{"start":{"line":61,"column":13},"end":{"line":61,"column":16}}],"line":61},"7":{"loc":{"start":{"line":61,"column":18},"end":{"line":61,"column":33}},"type":"default-arg","locations":[{"start":{"line":61,"column":27},"end":{"line":61,"column":33}}],"line":61},"8":{"loc":{"start":{"line":79,"column":2},"end":{"line":82,"column":3}},"type":"if","locations":[{"start":{"line":79,"column":2},"end":{"line":82,"column":3}},{"start":{},"end":{}}],"line":79},"9":{"loc":{"start":{"line":113,"column":18},"end":{"line":113,"column":42}},"type":"default-arg","locations":[{"start":{"line":113,"column":40},"end":{"line":113,"column":42}}],"line":113},"10":{"loc":{"start":{"line":127,"column":29},"end":{"line":127,"column":49}},"type":"default-arg","locations":[{"start":{"line":127,"column":47},"end":{"line":127,"column":49}}],"line":127},"11":{"loc":{"start":{"line":138,"column":32},"end":{"line":138,"column":45}},"type":"cond-expr","locations":[{"start":{"line":138,"column":40},"end":{"line":138,"column":41}},{"start":{"line":138,"column":44},"end":{"line":138,"column":45}}],"line":138},"12":{"loc":{"start":{"line":148,"column":32},"end":{"line":148,"column":45}},"type":"cond-expr","locations":[{"start":{"line":148,"column":40},"end":{"line":148,"column":41}},{"start":{"line":148,"column":44},"end":{"line":148,"column":45}}],"line":148},"13":{"loc":{"start":{"line":158,"column":22},"end":{"line":158,"column":42}},"type":"default-arg","locations":[{"start":{"line":158,"column":40},"end":{"line":158,"column":42}}],"line":158},"14":{"loc":{"start":{"line":178,"column":2},"end":{"line":178,"column":43}},"type":"if","locations":[{"start":{"line":178,"column":2},"end":{"line":178,"column":43}},{"start":{},"end":{}}],"line":178},"15":{"loc":{"start":{"line":180,"column":9},"end":{"line":180,"column":149}},"type":"cond-expr","locations":[{"start":{"line":180,"column":43},"end":{"line":180,"column":118}},{"start":{"line":180,"column":121},"end":{"line":180,"column":149}}],"line":180},"16":{"loc":{"start":{"line":189,"column":2},"end":{"line":189,"column":42}},"type":"if","locations":[{"start":{"line":189,"column":2},"end":{"line":189,"column":42}},{"start":{},"end":{}}],"line":189},"17":{"loc":{"start":{"line":191,"column":9},"end":{"line":191,"column":170}},"type":"cond-expr","locations":[{"start":{"line":191,"column":43},"end":{"line":191,"column":124}},{"start":{"line":191,"column":127},"end":{"line":191,"column":170}}],"line":191},"18":{"loc":{"start":{"line":202,"column":33},"end":{"line":202,"column":75}},"type":"cond-expr","locations":[{"start":{"line":202,"column":42},"end":{"line":202,"column":67}},{"start":{"line":202,"column":70},"end":{"line":202,"column":75}}],"line":202},"19":{"loc":{"start":{"line":213,"column":33},"end":{"line":213,"column":75}},"type":"cond-expr","locations":[{"start":{"line":213,"column":42},"end":{"line":213,"column":67}},{"start":{"line":213,"column":70},"end":{"line":213,"column":75}}],"line":213},"20":{"loc":{"start":{"line":234,"column":2},"end":{"line":243,"column":3}},"type":"switch","locations":[{"start":{"line":235,"column":3},"end":{"line":235,"column":72}},{"start":{"line":236,"column":3},"end":{"line":236,"column":74}},{"start":{"line":237,"column":3},"end":{"line":237,"column":72}},{"start":{"line":238,"column":3},"end":{"line":238,"column":70}},{"start":{"line":239,"column":3},"end":{"line":239,"column":72}},{"start":{"line":240,"column":3},"end":{"line":240,"column":76}},{"start":{"line":241,"column":3},"end":{"line":241,"column":76}},{"start":{"line":242,"column":3},"end":{"line":242,"column":60}}],"line":234},"21":{"loc":{"start":{"line":255,"column":30},"end":{"line":255,"column":77}},"type":"cond-expr","locations":[{"start":{"line":255,"column":60},"end":{"line":255,"column":69}},{"start":{"line":255,"column":72},"end":{"line":255,"column":77}}],"line":255},"22":{"loc":{"start":{"line":473,"column":9},"end":{"line":473,"column":82}},"type":"cond-expr","locations":[{"start":{"line":473,"column":34},"end":{"line":473,"column":39}},{"start":{"line":473,"column":42},"end":{"line":473,"column":82}}],"line":473},"23":{"loc":{"start":{"line":481,"column":11},"end":{"line":481,"column":105}},"type":"binary-expr","locations":[{"start":{"line":481,"column":11},"end":{"line":481,"column":38}},{"start":{"line":481,"column":42},"end":{"line":481,"column":70}},{"start":{"line":481,"column":74},"end":{"line":481,"column":105}}],"line":481},"24":{"loc":{"start":{"line":528,"column":8},"end":{"line":528,"column":43}},"type":"default-arg","locations":[{"start":{"line":528,"column":18},"end":{"line":528,"column":43}}],"line":528},"25":{"loc":{"start":{"line":528,"column":45},"end":{"line":528,"column":73}},"type":"default-arg","locations":[{"start":{"line":528,"column":51},"end":{"line":528,"column":73}}],"line":528},"26":{"loc":{"start":{"line":538,"column":36},"end":{"line":538,"column":118}},"type":"cond-expr","locations":[{"start":{"line":538,"column":61},"end":{"line":538,"column":91}},{"start":{"line":538,"column":94},"end":{"line":538,"column":118}}],"line":538},"27":{"loc":{"start":{"line":546,"column":16},"end":{"line":546,"column":29}},"type":"default-arg","locations":[{"start":{"line":546,"column":24},"end":{"line":546,"column":29}}],"line":546},"28":{"loc":{"start":{"line":547,"column":36},"end":{"line":547,"column":114}},"type":"cond-expr","locations":[{"start":{"line":547,"column":44},"end":{"line":547,"column":80}},{"start":{"line":547,"column":83},"end":{"line":547,"column":114}}],"line":547},"29":{"loc":{"start":{"line":555,"column":20},"end":{"line":555,"column":33}},"type":"default-arg","locations":[{"start":{"line":555,"column":28},"end":{"line":555,"column":33}}],"line":555},"30":{"loc":{"start":{"line":556,"column":36},"end":{"line":556,"column":104}},"type":"cond-expr","locations":[{"start":{"line":556,"column":44},"end":{"line":556,"column":75}},{"start":{"line":556,"column":78},"end":{"line":556,"column":104}}],"line":556},"31":{"loc":{"start":{"line":564,"column":20},"end":{"line":564,"column":33}},"type":"default-arg","locations":[{"start":{"line":564,"column":28},"end":{"line":564,"column":33}}],"line":564},"32":{"loc":{"start":{"line":565,"column":36},"end":{"line":565,"column":112}},"type":"cond-expr","locations":[{"start":{"line":565,"column":44},"end":{"line":565,"column":70}},{"start":{"line":565,"column":73},"end":{"line":565,"column":112}}],"line":565}},"s":{"0":5,"1":19,"2":2,"3":17,"4":0,"5":153,"6":28,"7":28,"8":28,"9":1,"10":1,"11":34,"12":34,"13":24,"14":24,"15":35,"16":35,"17":32,"18":153,"19":115,"20":115,"21":153,"22":6,"23":5,"24":5,"25":5,"26":14,"27":7,"28":0,"29":0,"30":0,"31":0,"32":7,"33":7,"34":164,"35":159,"36":5,"37":101,"38":96,"39":5,"40":10,"41":9,"42":2,"43":2,"44":1,"45":0,"46":0,"47":0,"48":0,"49":0,"50":0,"51":1,"52":19,"53":19,"54":19,"55":0,"56":1,"57":0,"58":0,"59":0,"60":0,"61":0,"62":0,"63":0,"64":43,"65":40,"66":40,"67":40,"68":40,"69":40,"70":41,"71":0,"72":0,"73":2,"74":3,"75":2,"76":0,"77":11,"78":267,"79":2,"80":1,"81":58,"82":0,"83":0,"84":138,"85":3,"86":3,"87":42,"88":0,"89":0,"90":0,"91":256},"f":{"0":19,"1":153,"2":6,"3":14,"4":7,"5":0,"6":0,"7":0,"8":0,"9":7,"10":7,"11":164,"12":101,"13":10,"14":9,"15":2,"16":2,"17":19,"18":0,"19":1,"20":0,"21":0,"22":0,"23":0,"24":0,"25":0,"26":0,"27":43,"28":40,"29":40,"30":40,"31":40,"32":40,"33":41,"34":0,"35":0,"36":2,"37":3,"38":2,"39":0,"40":11,"41":267,"42":2,"43":1,"44":58,"45":0,"46":0,"47":138,"48":3,"49":3,"50":42,"51":0,"52":0,"53":0,"54":256},"b":{"0":[2,17,0],"1":[13],"2":[75],"3":[116],"4":[123],"5":[28,1,1,34,24,35,32],"6":[0],"7":[1],"8":[115,38],"9":[10],"10":[5],"11":[0,0],"12":[0,0],"13":[7],"14":[159,5],"15":[0,5],"16":[96,5],"17":[0,5],"18":[9,1],"19":[8,1],"20":[1,0,0,0,0,0,0,1],"21":[3,16],"22":[0,2],"23":[1,0,0],"24":[2],"25":[3],"26":[0,3],"27":[42],"28":[0,42],"29":[0],"30":[0,0],"31":[0],"32":[0,0]},"inputSourceMap":null,"_coverageSchema":"1a1c01bbd47fc00a2c39e90264f33305004495a9","hash":"2086665ba467d17f7d2e278c89dd922b5c2abdf8"}
,"/home/naquaduh/projects/date-time-js/src/js/duration.js": {"path":"/home/naquaduh/projects/date-time-js/src/js/duration.js","statementMap":{"0":{"start":{"line":34,"column":2},"end":{"line":34,"column":52}},"1":{"start":{"line":35,"column":2},"end":{"line":35,"column":55}},"2":{"start":{"line":36,"column":2},"end":{"line":36,"column":49}},"3":{"start":{"line":37,"column":2},"end":{"line":37,"column":52}},"4":{"start":{"line":38,"column":2},"end":{"line":38,"column":58}},"5":{"start":{"line":39,"column":2},"end":{"line":39,"column":58}},"6":{"start":{"line":40,"column":2},"end":{"line":40,"column":73}},"7":{"start":{"line":41,"column":2},"end":{"line":41,"column":232}},"8":{"start":{"line":42,"column":2},"end":{"line":42,"column":22}},"9":{"start":{"line":51,"column":17},"end":{"line":51,"column":19}},"10":{"start":{"line":52,"column":16},"end":{"line":52,"column":47}},"11":{"start":{"line":54,"column":2},"end":{"line":57,"column":3}},"12":{"start":{"line":55,"column":3},"end":{"line":55,"column":75}},"13":{"start":{"line":56,"column":3},"end":{"line":56,"column":35}},"14":{"start":{"line":59,"column":2},"end":{"line":59,"column":44}},"15":{"start":{"line":70,"column":2},"end":{"line":70,"column":74}},"16":{"start":{"line":70,"column":65},"end":{"line":70,"column":72}},"17":{"start":{"line":71,"column":17},"end":{"line":71,"column":47}},"18":{"start":{"line":72,"column":2},"end":{"line":72,"column":75}},"19":{"start":{"line":73,"column":2},"end":{"line":73,"column":78}},"20":{"start":{"line":74,"column":2},"end":{"line":74,"column":72}},"21":{"start":{"line":75,"column":2},"end":{"line":75,"column":75}},"22":{"start":{"line":76,"column":2},"end":{"line":76,"column":81}},"23":{"start":{"line":77,"column":2},"end":{"line":77,"column":81}},"24":{"start":{"line":78,"column":2},"end":{"line":78,"column":96}},"25":{"start":{"line":80,"column":2},"end":{"line":83,"column":3}},"26":{"start":{"line":81,"column":3},"end":{"line":81,"column":20}},"27":{"start":{"line":82,"column":3},"end":{"line":82,"column":31}},"28":{"start":{"line":85,"column":2},"end":{"line":88,"column":3}},"29":{"start":{"line":86,"column":3},"end":{"line":86,"column":20}},"30":{"start":{"line":87,"column":3},"end":{"line":87,"column":24}},"31":{"start":{"line":90,"column":2},"end":{"line":93,"column":3}},"32":{"start":{"line":91,"column":3},"end":{"line":91,"column":18}},"33":{"start":{"line":92,"column":3},"end":{"line":92,"column":24}},"34":{"start":{"line":95,"column":2},"end":{"line":98,"column":3}},"35":{"start":{"line":96,"column":3},"end":{"line":96,"column":17}},"36":{"start":{"line":97,"column":3},"end":{"line":97,"column":22}},"37":{"start":{"line":100,"column":2},"end":{"line":103,"column":3}},"38":{"start":{"line":101,"column":3},"end":{"line":101,"column":19}},"39":{"start":{"line":102,"column":3},"end":{"line":102,"column":45}},"40":{"start":{"line":105,"column":2},"end":{"line":108,"column":3}},"41":{"start":{"line":106,"column":3},"end":{"line":106,"column":18}},"42":{"start":{"line":107,"column":3},"end":{"line":107,"column":23}},"43":{"start":{"line":110,"column":2},"end":{"line":110,"column":30}},"44":{"start":{"line":118,"column":2},"end":{"line":118,"column":27}},"45":{"start":{"line":126,"column":2},"end":{"line":126,"column":28}},"46":{"start":{"line":134,"column":2},"end":{"line":134,"column":26}},"47":{"start":{"line":142,"column":2},"end":{"line":142,"column":27}},"48":{"start":{"line":150,"column":2},"end":{"line":150,"column":29}},"49":{"start":{"line":158,"column":2},"end":{"line":158,"column":29}},"50":{"start":{"line":166,"column":2},"end":{"line":166,"column":34}},"51":{"start":{"line":174,"column":2},"end":{"line":174,"column":56}},"52":{"start":{"line":182,"column":2},"end":{"line":182,"column":57}},"53":{"start":{"line":190,"column":2},"end":{"line":190,"column":56}},"54":{"start":{"line":198,"column":2},"end":{"line":198,"column":55}},"55":{"start":{"line":206,"column":2},"end":{"line":206,"column":56}},"56":{"start":{"line":214,"column":2},"end":{"line":214,"column":58}},"57":{"start":{"line":222,"column":2},"end":{"line":222,"column":58}},"58":{"start":{"line":230,"column":2},"end":{"line":230,"column":21}},"59":{"start":{"line":238,"column":2},"end":{"line":238,"column":58}},"60":{"start":{"line":246,"column":17},"end":{"line":246,"column":30}},"61":{"start":{"line":247,"column":2},"end":{"line":250,"column":3}},"62":{"start":{"line":248,"column":3},"end":{"line":248,"column":59}},"63":{"start":{"line":249,"column":3},"end":{"line":249,"column":30}},"64":{"start":{"line":252,"column":2},"end":{"line":255,"column":3}},"65":{"start":{"line":253,"column":3},"end":{"line":253,"column":53}},"66":{"start":{"line":254,"column":3},"end":{"line":254,"column":24}},"67":{"start":{"line":257,"column":2},"end":{"line":260,"column":3}},"68":{"start":{"line":258,"column":3},"end":{"line":258,"column":51}},"69":{"start":{"line":259,"column":3},"end":{"line":259,"column":24}},"70":{"start":{"line":262,"column":2},"end":{"line":265,"column":3}},"71":{"start":{"line":263,"column":3},"end":{"line":263,"column":48}},"72":{"start":{"line":264,"column":3},"end":{"line":264,"column":22}},"73":{"start":{"line":267,"column":2},"end":{"line":270,"column":3}},"74":{"start":{"line":268,"column":3},"end":{"line":268,"column":49}},"75":{"start":{"line":269,"column":3},"end":{"line":269,"column":21}},"76":{"start":{"line":272,"column":2},"end":{"line":275,"column":3}},"77":{"start":{"line":273,"column":3},"end":{"line":273,"column":50}},"78":{"start":{"line":274,"column":3},"end":{"line":274,"column":23}},"79":{"start":{"line":277,"column":2},"end":{"line":277,"column":30}},"80":{"start":{"line":285,"column":2},"end":{"line":285,"column":114}},"81":{"start":{"line":293,"column":2},"end":{"line":293,"column":216}},"82":{"start":{"line":301,"column":4},"end":{"line":301,"column":22}}},"fnMap":{"0":{"name":"(anonymous_0)","decl":{"start":{"line":33,"column":1},"end":{"line":33,"column":2}},"loc":{"start":{"line":33,"column":117},"end":{"line":43,"column":2}},"line":33},"1":{"name":"(anonymous_1)","decl":{"start":{"line":50,"column":1},"end":{"line":50,"column":2}},"loc":{"start":{"line":50,"column":33},"end":{"line":60,"column":2}},"line":50},"2":{"name":"(anonymous_2)","decl":{"start":{"line":68,"column":1},"end":{"line":68,"column":2}},"loc":{"start":{"line":68,"column":36},"end":{"line":111,"column":2}},"line":68},"3":{"name":"(anonymous_3)","decl":{"start":{"line":70,"column":53},"end":{"line":70,"column":54}},"loc":{"start":{"line":70,"column":65},"end":{"line":70,"column":72}},"line":70},"4":{"name":"(anonymous_4)","decl":{"start":{"line":117,"column":1},"end":{"line":117,"column":2}},"loc":{"start":{"line":117,"column":13},"end":{"line":119,"column":2}},"line":117},"5":{"name":"(anonymous_5)","decl":{"start":{"line":125,"column":1},"end":{"line":125,"column":2}},"loc":{"start":{"line":125,"column":14},"end":{"line":127,"column":2}},"line":125},"6":{"name":"(anonymous_6)","decl":{"start":{"line":133,"column":1},"end":{"line":133,"column":2}},"loc":{"start":{"line":133,"column":12},"end":{"line":135,"column":2}},"line":133},"7":{"name":"(anonymous_7)","decl":{"start":{"line":141,"column":1},"end":{"line":141,"column":2}},"loc":{"start":{"line":141,"column":13},"end":{"line":143,"column":2}},"line":141},"8":{"name":"(anonymous_8)","decl":{"start":{"line":149,"column":1},"end":{"line":149,"column":2}},"loc":{"start":{"line":149,"column":15},"end":{"line":151,"column":2}},"line":149},"9":{"name":"(anonymous_9)","decl":{"start":{"line":157,"column":1},"end":{"line":157,"column":2}},"loc":{"start":{"line":157,"column":15},"end":{"line":159,"column":2}},"line":157},"10":{"name":"(anonymous_10)","decl":{"start":{"line":165,"column":1},"end":{"line":165,"column":2}},"loc":{"start":{"line":165,"column":20},"end":{"line":167,"column":2}},"line":165},"11":{"name":"(anonymous_11)","decl":{"start":{"line":173,"column":1},"end":{"line":173,"column":2}},"loc":{"start":{"line":173,"column":11},"end":{"line":175,"column":2}},"line":173},"12":{"name":"(anonymous_12)","decl":{"start":{"line":181,"column":1},"end":{"line":181,"column":2}},"loc":{"start":{"line":181,"column":12},"end":{"line":183,"column":2}},"line":181},"13":{"name":"(anonymous_13)","decl":{"start":{"line":189,"column":1},"end":{"line":189,"column":2}},"loc":{"start":{"line":189,"column":11},"end":{"line":191,"column":2}},"line":189},"14":{"name":"(anonymous_14)","decl":{"start":{"line":197,"column":1},"end":{"line":197,"column":2}},"loc":{"start":{"line":197,"column":10},"end":{"line":199,"column":2}},"line":197},"15":{"name":"(anonymous_15)","decl":{"start":{"line":205,"column":1},"end":{"line":205,"column":2}},"loc":{"start":{"line":205,"column":11},"end":{"line":207,"column":2}},"line":205},"16":{"name":"(anonymous_16)","decl":{"start":{"line":213,"column":1},"end":{"line":213,"column":2}},"loc":{"start":{"line":213,"column":13},"end":{"line":215,"column":2}},"line":213},"17":{"name":"(anonymous_17)","decl":{"start":{"line":221,"column":1},"end":{"line":221,"column":2}},"loc":{"start":{"line":221,"column":13},"end":{"line":223,"column":2}},"line":221},"18":{"name":"(anonymous_18)","decl":{"start":{"line":229,"column":1},"end":{"line":229,"column":2}},"loc":{"start":{"line":229,"column":18},"end":{"line":231,"column":2}},"line":229},"19":{"name":"(anonymous_19)","decl":{"start":{"line":237,"column":1},"end":{"line":237,"column":2}},"loc":{"start":{"line":237,"column":12},"end":{"line":239,"column":2}},"line":237},"20":{"name":"(anonymous_20)","decl":{"start":{"line":245,"column":1},"end":{"line":245,"column":2}},"loc":{"start":{"line":245,"column":13},"end":{"line":278,"column":2}},"line":245},"21":{"name":"(anonymous_21)","decl":{"start":{"line":284,"column":1},"end":{"line":284,"column":2}},"loc":{"start":{"line":284,"column":11},"end":{"line":286,"column":2}},"line":284},"22":{"name":"(anonymous_22)","decl":{"start":{"line":292,"column":1},"end":{"line":292,"column":2}},"loc":{"start":{"line":292,"column":10},"end":{"line":294,"column":2}},"line":292},"23":{"name":"(anonymous_23)","decl":{"start":{"line":300,"column":1},"end":{"line":300,"column":2}},"loc":{"start":{"line":300,"column":28},"end":{"line":302,"column":3}},"line":300}},"branchMap":{"0":{"loc":{"start":{"line":33,"column":13},"end":{"line":33,"column":115}},"type":"default-arg","locations":[{"start":{"line":33,"column":113},"end":{"line":33,"column":115}}],"line":33},"1":{"loc":{"start":{"line":33,"column":15},"end":{"line":33,"column":24}},"type":"default-arg","locations":[{"start":{"line":33,"column":23},"end":{"line":33,"column":24}}],"line":33},"2":{"loc":{"start":{"line":33,"column":26},"end":{"line":33,"column":36}},"type":"default-arg","locations":[{"start":{"line":33,"column":35},"end":{"line":33,"column":36}}],"line":33},"3":{"loc":{"start":{"line":33,"column":38},"end":{"line":33,"column":46}},"type":"default-arg","locations":[{"start":{"line":33,"column":45},"end":{"line":33,"column":46}}],"line":33},"4":{"loc":{"start":{"line":33,"column":48},"end":{"line":33,"column":57}},"type":"default-arg","locations":[{"start":{"line":33,"column":56},"end":{"line":33,"column":57}}],"line":33},"5":{"loc":{"start":{"line":33,"column":59},"end":{"line":33,"column":70}},"type":"default-arg","locations":[{"start":{"line":33,"column":69},"end":{"line":33,"column":70}}],"line":33},"6":{"loc":{"start":{"line":33,"column":72},"end":{"line":33,"column":83}},"type":"default-arg","locations":[{"start":{"line":33,"column":82},"end":{"line":33,"column":83}}],"line":33},"7":{"loc":{"start":{"line":33,"column":85},"end":{"line":33,"column":101}},"type":"default-arg","locations":[{"start":{"line":33,"column":100},"end":{"line":33,"column":101}}],"line":33},"8":{"loc":{"start":{"line":41,"column":16},"end":{"line":41,"column":231}},"type":"binary-expr","locations":[{"start":{"line":41,"column":16},"end":{"line":41,"column":21}},{"start":{"line":41,"column":25},"end":{"line":41,"column":231}}],"line":41},"9":{"loc":{"start":{"line":80,"column":2},"end":{"line":83,"column":3}},"type":"if","locations":[{"start":{"line":80,"column":2},"end":{"line":83,"column":3}},{"start":{},"end":{}}],"line":80},"10":{"loc":{"start":{"line":85,"column":2},"end":{"line":88,"column":3}},"type":"if","locations":[{"start":{"line":85,"column":2},"end":{"line":88,"column":3}},{"start":{},"end":{}}],"line":85},"11":{"loc":{"start":{"line":90,"column":2},"end":{"line":93,"column":3}},"type":"if","locations":[{"start":{"line":90,"column":2},"end":{"line":93,"column":3}},{"start":{},"end":{}}],"line":90},"12":{"loc":{"start":{"line":95,"column":2},"end":{"line":98,"column":3}},"type":"if","locations":[{"start":{"line":95,"column":2},"end":{"line":98,"column":3}},{"start":{},"end":{}}],"line":95},"13":{"loc":{"start":{"line":100,"column":2},"end":{"line":103,"column":3}},"type":"if","locations":[{"start":{"line":100,"column":2},"end":{"line":103,"column":3}},{"start":{},"end":{}}],"line":100},"14":{"loc":{"start":{"line":105,"column":2},"end":{"line":108,"column":3}},"type":"if","locations":[{"start":{"line":105,"column":2},"end":{"line":108,"column":3}},{"start":{},"end":{}}],"line":105},"15":{"loc":{"start":{"line":247,"column":2},"end":{"line":250,"column":3}},"type":"if","locations":[{"start":{"line":247,"column":2},"end":{"line":250,"column":3}},{"start":{},"end":{}}],"line":247},"16":{"loc":{"start":{"line":252,"column":2},"end":{"line":255,"column":3}},"type":"if","locations":[{"start":{"line":252,"column":2},"end":{"line":255,"column":3}},{"start":{},"end":{}}],"line":252},"17":{"loc":{"start":{"line":257,"column":2},"end":{"line":260,"column":3}},"type":"if","locations":[{"start":{"line":257,"column":2},"end":{"line":260,"column":3}},{"start":{},"end":{}}],"line":257},"18":{"loc":{"start":{"line":262,"column":2},"end":{"line":265,"column":3}},"type":"if","locations":[{"start":{"line":262,"column":2},"end":{"line":265,"column":3}},{"start":{},"end":{}}],"line":262},"19":{"loc":{"start":{"line":267,"column":2},"end":{"line":270,"column":3}},"type":"if","locations":[{"start":{"line":267,"column":2},"end":{"line":270,"column":3}},{"start":{},"end":{}}],"line":267},"20":{"loc":{"start":{"line":272,"column":2},"end":{"line":275,"column":3}},"type":"if","locations":[{"start":{"line":272,"column":2},"end":{"line":275,"column":3}},{"start":{},"end":{}}],"line":272}},"s":{"0":30,"1":30,"2":30,"3":30,"4":30,"5":30,"6":30,"7":30,"8":30,"9":1,"10":1,"11":1,"12":7,"13":7,"14":1,"15":3,"16":3,"17":3,"18":3,"19":3,"20":3,"21":3,"22":3,"23":3,"24":3,"25":3,"26":0,"27":0,"28":3,"29":0,"30":0,"31":3,"32":2,"33":2,"34":3,"35":2,"36":2,"37":3,"38":2,"39":2,"40":3,"41":2,"42":2,"43":3,"44":18,"45":18,"46":18,"47":18,"48":18,"49":18,"50":18,"51":1,"52":0,"53":0,"54":0,"55":0,"56":0,"57":0,"58":3,"59":0,"60":8,"61":8,"62":2,"63":2,"64":8,"65":2,"66":2,"67":8,"68":2,"69":2,"70":8,"71":2,"72":2,"73":8,"74":2,"75":2,"76":8,"77":2,"78":2,"79":8,"80":2,"81":8,"82":0},"f":{"0":30,"1":1,"2":3,"3":3,"4":18,"5":18,"6":18,"7":18,"8":18,"9":18,"10":18,"11":1,"12":0,"13":0,"14":0,"15":0,"16":0,"17":0,"18":3,"19":0,"20":8,"21":2,"22":8,"23":0},"b":{"0":[2],"1":[14],"2":[14],"3":[14],"4":[14],"5":[14],"6":[14],"7":[14],"8":[30,26],"9":[0,3],"10":[0,3],"11":[2,1],"12":[2,1],"13":[2,1],"14":[2,1],"15":[2,6],"16":[2,6],"17":[2,6],"18":[2,6],"19":[2,6],"20":[2,6]},"inputSourceMap":null,"_coverageSchema":"1a1c01bbd47fc00a2c39e90264f33305004495a9","hash":"b763d664f74176f275cfc7c8882b20773fa27351"}
,"/home/naquaduh/projects/date-time-js/src/js/locale.js": {"path":"/home/naquaduh/projects/date-time-js/src/js/locale.js","statementMap":{"0":{"start":{"line":31,"column":55},"end":{"line":31,"column":58}},"1":{"start":{"line":32,"column":2},"end":{"line":32,"column":20}},"2":{"start":{"line":33,"column":2},"end":{"line":36,"column":4}},"3":{"start":{"line":37,"column":2},"end":{"line":37,"column":144}},"4":{"start":{"line":38,"column":2},"end":{"line":38,"column":26}},"5":{"start":{"line":39,"column":2},"end":{"line":39,"column":91}},"6":{"start":{"line":40,"column":2},"end":{"line":40,"column":28}},"7":{"start":{"line":41,"column":2},"end":{"line":41,"column":32}},"8":{"start":{"line":42,"column":2},"end":{"line":42,"column":22}},"9":{"start":{"line":52,"column":37},"end":{"line":52,"column":105}},"10":{"start":{"line":54,"column":2},"end":{"line":54,"column":36}},"11":{"start":{"line":56,"column":2},"end":{"line":56,"column":23}},"12":{"start":{"line":66,"column":2},"end":{"line":73,"column":3}},"13":{"start":{"line":67,"column":18},"end":{"line":67,"column":51}},"14":{"start":{"line":68,"column":3},"end":{"line":68,"column":45}},"15":{"start":{"line":69,"column":3},"end":{"line":69,"column":36}},"16":{"start":{"line":70,"column":3},"end":{"line":70,"column":43}},"17":{"start":{"line":72,"column":3},"end":{"line":72,"column":58}},"18":{"start":{"line":82,"column":15},"end":{"line":82,"column":39}},"19":{"start":{"line":83,"column":24},"end":{"line":83,"column":54}},"20":{"start":{"line":85,"column":2},"end":{"line":89,"column":3}},"21":{"start":{"line":86,"column":3},"end":{"line":86,"column":65}},"22":{"start":{"line":87,"column":3},"end":{"line":87,"column":37}},"23":{"start":{"line":88,"column":3},"end":{"line":88,"column":41}},"24":{"start":{"line":91,"column":2},"end":{"line":91,"column":16}},"25":{"start":{"line":101,"column":2},"end":{"line":110,"column":3}},"26":{"start":{"line":102,"column":18},"end":{"line":102,"column":40}},"27":{"start":{"line":104,"column":3},"end":{"line":106,"column":4}},"28":{"start":{"line":105,"column":4},"end":{"line":105,"column":17}},"29":{"start":{"line":108,"column":3},"end":{"line":108,"column":28}},"30":{"start":{"line":109,"column":3},"end":{"line":109,"column":43}},"31":{"start":{"line":112,"column":2},"end":{"line":112,"column":14}},"32":{"start":{"line":121,"column":2},"end":{"line":121,"column":28}},"33":{"start":{"line":130,"column":2},"end":{"line":130,"column":20}},"34":{"start":{"line":138,"column":2},"end":{"line":138,"column":34}},"35":{"start":{"line":146,"column":2},"end":{"line":146,"column":24}},"36":{"start":{"line":154,"column":2},"end":{"line":154,"column":23}},"37":{"start":{"line":162,"column":2},"end":{"line":162,"column":26}},"38":{"start":{"line":170,"column":2},"end":{"line":170,"column":24}},"39":{"start":{"line":178,"column":2},"end":{"line":178,"column":26}},"40":{"start":{"line":186,"column":4},"end":{"line":186,"column":20}}},"fnMap":{"0":{"name":"(anonymous_0)","decl":{"start":{"line":31,"column":1},"end":{"line":31,"column":2}},"loc":{"start":{"line":31,"column":100},"end":{"line":43,"column":2}},"line":31},"1":{"name":"(anonymous_1)","decl":{"start":{"line":31,"column":46},"end":{"line":31,"column":47}},"loc":{"start":{"line":31,"column":55},"end":{"line":31,"column":58}},"line":31},"2":{"name":"(anonymous_2)","decl":{"start":{"line":51,"column":1},"end":{"line":51,"column":2}},"loc":{"start":{"line":51,"column":49},"end":{"line":57,"column":2}},"line":51},"3":{"name":"(anonymous_3)","decl":{"start":{"line":65,"column":1},"end":{"line":65,"column":2}},"loc":{"start":{"line":65,"column":43},"end":{"line":74,"column":2}},"line":65},"4":{"name":"(anonymous_4)","decl":{"start":{"line":81,"column":1},"end":{"line":81,"column":2}},"loc":{"start":{"line":81,"column":24},"end":{"line":92,"column":2}},"line":81},"5":{"name":"(anonymous_5)","decl":{"start":{"line":100,"column":1},"end":{"line":100,"column":2}},"loc":{"start":{"line":100,"column":24},"end":{"line":113,"column":2}},"line":100},"6":{"name":"(anonymous_6)","decl":{"start":{"line":120,"column":1},"end":{"line":120,"column":2}},"loc":{"start":{"line":120,"column":28},"end":{"line":122,"column":2}},"line":120},"7":{"name":"(anonymous_7)","decl":{"start":{"line":129,"column":1},"end":{"line":129,"column":2}},"loc":{"start":{"line":129,"column":12},"end":{"line":131,"column":2}},"line":129},"8":{"name":"(anonymous_8)","decl":{"start":{"line":137,"column":1},"end":{"line":137,"column":2}},"loc":{"start":{"line":137,"column":26},"end":{"line":139,"column":2}},"line":137},"9":{"name":"(anonymous_9)","decl":{"start":{"line":1
[...]
tart":{"line":67,"column":15},"end":{"line":67,"column":36}},"32":{"start":{"line":68,"column":15},"end":{"line":68,"column":36}},"33":{"start":{"line":69,"column":20},"end":{"line":69,"column":46}},"34":{"start":{"line":70,"column":28},"end":{"line":70,"column":62}},"35":{"start":{"line":71,"column":33},"end":{"line":71,"column":72}},"36":{"start":{"line":72,"column":20},"end":{"line":72,"column":46}},"37":{"start":{"line":73,"column":25},"end":{"line":73,"column":56}},"38":{"start":{"line":74,"column":30},"end":{"line":74,"column":66}},"39":{"start":{"line":75,"column":20},"end":{"line":75,"column":46}},"40":{"start":{"line":76,"column":25},"end":{"line":76,"column":56}},"41":{"start":{"line":77,"column":30},"end":{"line":77,"column":66}},"42":{"start":{"line":78,"column":20},"end":{"line":78,"column":46}},"43":{"start":{"line":79,"column":30},"end":{"line":79,"column":66}},"44":{"start":{"line":80,"column":25},"end":{"line":80,"column":56}},"45":{"start":{"line":81,"column":30},"end":{"line":81,"column":66}},"46":{"start":{"line":82,"column":35},"end":{"line":82,"column":76}},"47":{"start":{"line":83,"column":25},"end":{"line":83,"column":56}},"48":{"start":{"line":84,"column":30},"end":{"line":84,"column":66}},"49":{"start":{"line":85,"column":35},"end":{"line":85,"column":76}}},"fnMap":{"0":{"name":"(anonymous_0)","decl":{"start":{"line":8,"column":1},"end":{"line":8,"column":2}},"loc":{"start":{"line":8,"column":28},"end":{"line":60,"column":2}},"line":8}},"branchMap":{},"s":{"0":5,"1":5,"2":5,"3":5,"4":5,"5":5,"6":5,"7":5,"8":5,"9":5,"10":5,"11":5,"12":5,"13":5,"14":5,"15":5,"16":5,"17":5,"18":5,"19":5,"20":5,"21":5,"22":5,"23":5,"24":5,"25":5,"26":5,"27":5,"28":5,"29":5,"30":5,"31":5,"32":5,"33":5,"34":5,"35":5,"36":5,"37":5,"38":5,"39":5,"40":5,"41":5,"42":5,"43":5,"44":5,"45":5,"46":5,"47":5,"48":5,"49":5},"f":{"0":5},"b":{},"inputSourceMap":null,"_coverageSchema":"1a1c01bbd47fc00a2c39e90264f33305004495a9","hash":"2ffc187cdd059f76a503d94b717ac4311437a9e1"}
,"/home/naquaduh/projects/date-time-js/src/js/period.js": {"path":"/home/naquaduh/projects/date-time-js/src/js/period.js","statementMap":{"0":{"start":{"line":20,"column":2},"end":{"line":20,"column":22}},"1":{"start":{"line":21,"column":2},"end":{"line":21,"column":38}},"2":{"start":{"line":22,"column":2},"end":{"line":22,"column":38}},"3":{"start":{"line":23,"column":2},"end":{"line":23,"column":22}},"4":{"start":{"line":31,"column":2},"end":{"line":31,"column":21}},"5":{"start":{"line":39,"column":2},"end":{"line":39,"column":20}},"6":{"start":{"line":47,"column":2},"end":{"line":47,"column":21}},"7":{"start":{"line":58,"column":2},"end":{"line":58,"column":78}},"8":{"start":{"line":69,"column":2},"end":{"line":69,"column":40}},"9":{"start":{"line":77,"column":4},"end":{"line":77,"column":20}}},"fnMap":{"0":{"name":"(anonymous_0)","decl":{"start":{"line":19,"column":1},"end":{"line":19,"column":2}},"loc":{"start":{"line":19,"column":26},"end":{"line":24,"column":2}},"line":19},"1":{"name":"(anonymous_1)","decl":{"start":{"line":30,"column":1},"end":{"line":30,"column":2}},"loc":{"start":{"line":30,"column":13},"end":{"line":32,"column":2}},"line":30},"2":{"name":"(anonymous_2)","decl":{"start":{"line":38,"column":1},"end":{"line":38,"column":2}},"loc":{"start":{"line":38,"column":12},"end":{"line":40,"column":2}},"line":38},"3":{"name":"(anonymous_3)","decl":{"start":{"line":46,"column":1},"end":{"line":46,"column":2}},"loc":{"start":{"line":46,"column":13},"end":{"line":48,"column":2}},"line":46},"4":{"name":"(anonymous_4)","decl":{"start":{"line":57,"column":1},"end":{"line":57,"column":2}},"loc":{"start":{"line":57,"column":36},"end":{"line":59,"column":2}},"line":57},"5":{"name":"(anonymous_5)","decl":{"start":{"line":68,"column":1},"end":{"line":68,"column":2}},"loc":{"start":{"line":68,"column":41},"end":{"line":70,"column":2}},"line":68},"6":{"name":"(anonymous_6)","decl":{"start":{"line":76,"column":1},"end":{"line":76,"column":2}},"loc":{"start":{"line":76,"column":28},"end":{"line":78,"column":3}},"line":76}},"branchMap":{"0":{"loc":{"start":{"line":57,"column":15},"end":{"line":57,"column":34}},"type":"default-arg","locations":[{"start":{"line":57,"column":23},"end":{"line":57,"column":34}}],"line":57},"1":{"loc":{"start":{"line":68,"column":20},"end":{"line":68,"column":39}},"type":"default-arg","locations":[{"start":{"line":68,"column":28},"end":{"line":68,"column":39}}],"line":68}},"s":{"0":227,"1":227,"2":227,"3":227,"4":196,"5":0,"6":14,"7":17,"8":8,"9":0},"f":{"0":227,"1":196,"2":0,"3":14,"4":17,"5":8,"6":0},"b":{"0":[9],"1":[8]},"inputSourceMap":null,"_coverageSchema":"1a1c01bbd47fc00a2c39e90264f33305004495a9","hash":"049bb355a846577ce8cd4f9a70382c28102bace8"}
,"/home/naquaduh/projects/date-time-js/src/js/time-zone.js": {"path":"/home/naquaduh/projects/date-time-js/src/js/time-zone.js","statementMap":{"0":{"start":{"line":18,"column":2},"end":{"line":18,"column":229}},"1":{"start":{"line":19,"column":2},"end":{"line":19,"column":32}},"2":{"start":{"line":20,"column":2},"end":{"line":20,"column":100}},"3":{"start":{"line":24,"column":2},"end":{"line":24,"column":100}},"4":{"start":{"line":32,"column":2},"end":{"line":32,"column":57}},"5":{"start":{"line":41,"column":2},"end":{"line":41,"column":151}},"6":{"start":{"line":41,"column":115},"end":{"line":41,"column":142}}},"fnMap":{"0":{"name":"(anonymous_0)","decl":{"start":{"line":17,"column":1},"end":{"line":17,"column":2}},"loc":{"start":{"line":17,"column":39},"end":{"line":21,"column":2}},"line":17},"1":{"name":"(anonymous_1)","decl":{"start":{"line":23,"column":1},"end":{"line":23,"column":2}},"loc":{"start":{"line":23,"column":16},"end":{"line":25,"column":2}},"line":23},"2":{"name":"(anonymous_2)","decl":{"start":{"line":31,"column":2},"end":{"line":31,"column":3}},"loc":{"start":{"line":31,"column":15},"end":{"line":33,"column":2}},"line":31},"3":{"name":"(anonymous_3)","decl":{"start":{"line":40,"column":2},"end":{"line":40,"column":3}},"loc":{"start":{"line":40,"column":26},"end":{"line":42,"column":2}},"line":40},"4":{"name":"(anonymous_4)","decl":{"start":{"line":41,"column":105},"end":{"line":41,"column":106}},"loc":{"start":{"line":41,"column":115},"end":{"line":41,"column":142}},"line":41}},"branchMap":{"0":{"loc":{"start":{"line":18,"column":15},"end":{"line":18,"column":228}},"type":"cond-expr","locations":[{"start":{"line":18,"column":43},"end":{"line":18,"column":208}},{"start":{"line":18,"column":211},"end":{"line":18,"column":228}}],"line":18}},"s":{"0":115,"1":115,"2":115,"3":0,"4":2,"5":3,"6":21},"f":{"0":115,"1":0,"2":2,"3":3,"4":21},"b":{"0":[13,102]},"inputSourceMap":null,"_coverageSchema":"1a1c01bbd47fc00a2c39e90264f33305004495a9","hash":"eaba90f1395fb4b2f2bcc55404cc703363ebcd7a"}
,"/home/naquaduh/projects/date-time-js/src/js/utils.js": {"path":"/home/naquaduh/projects/date-time-js/src/js/utils.js","statementMap":{"0":{"start":{"line":5,"column":0},"end":{"line":12,"column":3}},"1":{"start":{"line":10,"column":2},"end":{"line":10,"column":32}},"2":{"start":{"line":14,"column":0},"end":{"line":21,"column":3}},"3":{"start":{"line":19,"column":2},"end":{"line":19,"column":130}},"4":{"start":{"line":41,"column":23},"end":{"line":51,"column":1}},"5":{"start":{"line":43,"column":1},"end":{"line":43,"column":9}},"6":{"start":{"line":45,"column":14},"end":{"line":45,"column":163}},"7":{"start":{"line":48,"column":1},"end":{"line":48,"column":55}},"8":{"start":{"line":48,"column":17},"end":{"line":48,"column":55}},"9":{"start":{"line":50,"column":1},"end":{"line":50,"column":13}},"10":{"start":{"line":61,"column":27},"end":{"line":61,"column":273}},"11":{"start":{"line":61,"column":117},"end":{"line":61,"column":273}},"12":{"start":{"line":72,"column":14},"end":{"line":72,"column":99}},"13":{"start":{"line":72,"column":51},"end":{"line":72,"column":99}},"14":{"start":{"line":82,"column":13},"end":{"line":82,"column":78}},"15":{"start":{"line":82,"column":35},"end":{"line":82,"column":78}},"16":{"start":{"line":92,"column":17},"end":{"line":105,"column":1}},"17":{"start":{"line":94,"column":1},"end":{"line":102,"column":2}},"18":{"start":{"line":95,"column":26},"end":{"line":95,"column":51}},"19":{"start":{"line":95,"column":52},"end":{"line":95,"column":58}},"20":{"start":{"line":96,"column":27},"end":{"line":96,"column":68}},"21":{"start":{"line":96,"column":69},"end":{"line":96,"column":75}},"22":{"start":{"line":97,"column":25},"end":{"line":97,"column":80}},"23":{"start":{"line":97,"column":81},"end":{"line":97,"column":87}},"24":{"start":{"line":98,"column":26},"end":{"line":98,"column":96}},"25":{"start":{"line":98,"column":97},"end":{"line":98,"column":103}},"26":{"start":{"line":99,"column":28},"end":{"line":99,"column":115}},"27":{"start":{"line":99,"column":116},"end":{"line":99,"column":122}},"28":{"start":{"line":100,"column":28},"end":{"line":100,"column":132}},"29":{"start":{"line":100,"column":133},"end":{"line":100,"column":139}},"30":{"start":{"line":101,"column":11},"end":{"line":101,"column":49}},"31":{"start":{"line":104,"column":1},"end":{"line":104,"column":77}},"32":{"start":{"line":115,"column":38},"end":{"line":124,"column":1}},"33":{"start":{"line":117,"column":1},"end":{"line":121,"column":2}},"34":{"start":{"line":118,"column":2},"end":{"line":120,"column":3}},"35":{"start":{"line":119,"column":3},"end":{"line":119,"column":115}},"36":{"start":{"line":123,"column":1},"end":{"line":123,"column":36}},"37":{"start":{"line":133,"column":17},"end":{"line":137,"column":1}},"38":{"start":{"line":134,"column":19},"end":{"line":134,"column":37}},"39":{"start":{"line":135,"column":1},"end":{"line":135,"column":38}},"40":{"start":{"line":136,"column":1},"end":{"line":136,"column":27}},"41":{"start":{"line":146,"column":33},"end":{"line":150,"column":1}},"42":{"start":{"line":147,"column":14},"end":{"line":147,"column":59}},"43":{"start":{"line":148,"column":1},"end":{"line":148,"column":54}},"44":{"start":{"line":149,"column":1},"end":{"line":149,"column":21}}},"fnMap":{"0":{"name":"(anonymous_0)","decl":{"start":{"line":9,"column":8},"end":{"line":9,"column":9}},"loc":{"start":{"line":9,"column":31},"end":{"line":11,"column":2}},"line":9},"1":{"name":"(anonymous_1)","decl":{"start":{"line":18,"column":8},"end":{"line":18,"column":9}},"loc":{"start":{"line":18,"column":19},"end":{"line":20,"column":2}},"line":18},"2":{"name":"(anonymous_2)","decl":{"start":{"line":41,"column":23},"end":{"line":41,"column":24}},"loc":{"start":{"line":41,"column":125},"end":{"line":51,"column":1}},"line":41},"3":{"name":"(anonymous_3)","decl":{"start":{"line":61,"column":27},"end":{"line":61,"column":28}},"loc":{"start":{"line":61,"column":117},"end":{"line":61,"column":273}},"line":61},"4":{"name":"(anonymous_4)","decl":{"start":{"line":72,"column":14},"end":{"line":72,"column":15}},"loc":{"start":{"line":72,"column":51},"end":{"line":72,"column":99}},"line":72},"5":{"name":"(anonymous_5)","decl":{"start":{"line":82,"column":13},"end":{"line":82,"column":14}},"loc":{"start":{"line":82,"column":35},"end":{"line":82,"column":78}},"line":82},"6":{"name":"(anonymous_6)","decl":{"start":{"line":92,"column":17},"end":{"line":92,"column":18}},"loc":{"start":{"line":92,"column":37},"end":{"line":105,"column":1}},"line":92},"7":{"name":"(anonymous_7)","decl":{"start":{"line":115,"column":38},"end":{"line":115,"column":39}},"loc":{"start":{"line":115,"column":77},"end":{"line":124,"column":1}},"line":115},"8":{"name":"(anonymous_8)","decl":{"start":{"line":133,"column":17},"end":{"line":133,"column":18}},"loc":{"start":{"line":133,"column":46},"end":{"line":137,"column":1}},"line":133},"9":{"name":"(anonymous_9)","decl":{"start":{"line":146,"column":33},"end":{"line":146,"column":34}},"loc":{"start":{"line":146,"column":54},"end":{"line":150,"column":1}},"line":146}},"branchMap":{"0":{"loc":{"start":{"line":19,"column":9},"end":{"line":19,"column":129}},"type":"binary-expr","locations":[{"start":{"line":19,"column":9},"end":{"line":19,"column":25}},{"start":{"line":19,"column":29},"end":{"line":19,"column":56}},{"start":{"line":19,"column":60},"end":{"line":19,"column":121}},{"start":{"line":19,"column":125},"end":{"line":19,"column":129}}],"line":19},"1":{"loc":{"start":{"line":41,"column":32},"end":{"line":41,"column":41}},"type":"default-arg","locations":[{"start":{"line":41,"column":40},"end":{"line":41,"column":41}}],"line":41},"2":{"loc":{"start":{"line":41,"column":43},"end":{"line":41,"column":50}},"type":"default-arg","locations":[{"start":{"line":41,"column":49},"end":{"line":41,"column":50}}],"line":41},"3":{"loc":{"start":{"line":41,"column":52},"end":{"line":41,"column":61}},"type":"default-arg","locations":[{"start":{"line":41,"column":60},"end":{"line":41,"column":61}}],"line":41},"4":{"loc":{"start":{"line":41,"column":63},"end":{"line":41,"column":74}},"type":"default-arg","locations":[{"start":{"line":41,"column":73},"end":{"line":41,"column":74}}],"line":41},"5":{"loc":{"start":{"line":41,"column":76},"end":{"line":41,"column":87}},"type":"default-arg","locations":[{"start":{"line":41,"column":86},"end":{"line":41,"column":87}}],"line":41},"6":{"loc":{"start":{"line":41,"column":89},"end":{"line":41,"column":105}},"type":"default-arg","locations":[{"start":{"line":41,"column":104},"end":{"line":41,"column":105}}],"line":41},"7":{"loc":{"start":{"line":41,"column":109},"end":{"line":41,"column":120}},"type":"default-arg","locations":[{"start":{"line":41,"column":115},"end":{"line":41,"column":120}}],"line":41},"8":{"loc":{"start":{"line":45,"column":14},"end":{"line":45,"column":163}},"type":"cond-expr","locations":[{"start":{"line":45,"column":20},"end":{"line":45,"column":95}},{"start":{"line":45,"column":98},"end":{"line":45,"column":163}}],"line":45},"9":{"loc":{"start":{"line":48,"column":1},"end":{"line":48,"column":55}},"type":"if","locations":[{"start":{"line":48,"column":1},"end":{"line":48,"column":55}},{"start":{},"end":{}}],"line":48},"10":{"loc":{"start":{"line":61,"column":101},"end":{"line":61,"column":112}},"type":"default-arg","locations":[{"start":{"line":61,"column":107},"end":{"line":61,"column":112}}],"line":61},"11":{"loc":{"start":{"line":61,"column":247},"end":{"line":61,"column":259}},"type":"cond-expr","locations":[{"start":{"line":61,"column":253},"end":{"line":61,"column":254}},{"start":{"line":61,"column":257},"end":{"line":61,"column":259}}],"line":61},"12":{"loc":{"start":{"line":72,"column":35},"end":{"line":72,"column":46}},"type":"default-arg","locations":[{"start":{"line":72,"column":41},"end":{"line":72,"column":46}}],"line":72},"13":{"loc":{"start":{"line":72,"column":59},"end":{"line":72,"column":81}},"type":"cond-expr","locations":[{"start":{"line":72,"column":65},"end":{"line":72,"column":73}},{"start":{"line":72,"column":76},"end":{"line":72,"column":81}}],"line":72},"14":{"loc":{"start":{"line":82,"column":43},"end":{"line":82,"column":65}},"type":"cond-expr","locations":[{"start":{"line":82,"column":49},"end":{"line":82,"column":57}},{"start":{"line":82,"column":60},"end":{"line":82,"column":65}}],"line":82},"15":{"loc":{"start":{"line":94,"column":1},"end":{"line":102,"column":2}},"type":"switch","locations":[{"start":{"line":95,"column":2},"end":{"line":95,"column":58}},{"start":{"line":96,"column":2},"end":{"line":96,"column":75}},{"start":{"line":97,"column":2},"end":{"line":97,"column":87}},{"start":{"line":98,"column":2},"end":{"line":98,"column":103}},{"start":{"line":99,"column":2},"end":{"line":99,"column":122}},{"start":{"line":100,"column":2},"end":{"line":100,"column":139}},{"start":{"line":101,"column":2},"end":{"line":101,"column":49}}],"line":94},"16":{"loc":{"start":{"line":117,"column":33},"end":{"line":117,"column":97}},"type":"cond-expr","locations":[{"start":{"line":117,"column":70},"end":{"line":117,"column":87}},{"start":{"line":117,"column":90},"end":{"line":117,"column":97}}],"line":117},"17":{"loc":{"start":{"line":118,"column":2},"end":{"line":120,"column":3}},"type":"if","locations":[{"start":{"line":118,"column":2},"end":{"line":120,"column":3}},{"start":{},"end":{}}],"line":118},"18":{"loc":{"start":{"line":119,"column":47},"end":{"line":119,"column":107}},"type":"cond-expr","locations":[{"start":{"line":119,"column":89},"end":{"line":119,"column":99}},{"start":{"line":119,"column":102},"end":{"line":119,"column":107}}],"line":119},"19":{"loc":{"start":{"line":147,"column":26},"end":{"line":147,"column":58}},"type":"binary-expr","locations":[{"start":{"line":147,"column":26},"end":{"line":147,"column":42}},{"start":{"line":147,"column":46},"end":{"line":147,"column":58}}],"line":147},"20":{"loc":{"start":{"line":147,"column":27},"end":{"line":147,"column":37}},"type":"binary-expr","locations":[{"start":{"line":147,"column":27},"end":{"line":147,"column":29}},{"start":{"line":147,"column":33},"end":{"line":147,"column":37}}],"line":147},"21":{"loc":{"start":{"line":148,"column":16},"end":{"line":148,"column":53}},"type":"cond-expr","locations":[{"start":{"line":148,"column":27},"end":{"line":148,"column":46}},{"start":{"line":148,"column":49},"end":{"line":148,"column":53}}],"line":148}},"s":{"0":5,"1":0,"2":5,"3":0,"4":5,"5":90,"6":90,"7":90,"8":14,"9":90,"10":5,"11":0,"12":5,"13":57,"14":5,"15":718,"16":5,"17":20,"18":5,"19":5,"20":3,"21":3,"22":3,"23":3,"24":3,"25":3,"26":3,"27":3,"28":3,"29":3,"30":0,"31":20,"32":5,"33":2,"34":14,"35":10,"36":2,"37":5,"38":3,"39":3,"40":3,"41":5,"42":12,"43":12,"44":12},"f":{"0":0,"1":0,"2":90,"3":0,"4":57,"5":718,"6":20,"7":2,"8":3,"9":12},"b":{"0":[0,0,0,0],"1":[5],"2":[8],"3":[21],"4":[24],"5":[30],"6":[25],"7":[1],"8":[34,56],"9":[14,76],"10":[0],"11":[0,0],"12":[7],"13":[12,45],"14":[244,474],"15":[5,3,3,3,3,3,0],"16":[1,1],"17":[10,4],"18":[5,5],"19":[12,0],"20":[12,12],"21":[0,12]},"inputSourceMap":null,"_coverageSchema":"1a1c01bbd47fc00a2c39e90264f33305004495a9","hash":"105f849d40c713991a7bf0641b8451828981f760"}
,"/home/naquaduh/projects/date-time-js/src/js/locales/en-GB.js": {"path":"/home/naquaduh/projects/date-time-js/src/js/locales/en-GB.js","statementMap":{"0":{"start":{"line":13,"column":19},"end":{"line":13,"column":114}}},"fnMap":{"0":{"name":"(anonymous_0)","decl":{"start":{"line":13,"column":10},"end":{"line":13,"column":11}},"loc":{"start":{"line":13,"column":19},"end":{"line":13,"column":114}},"line":13}},"branchMap":{"0":{"loc":{"start":{"line":13,"column":53},"end":{"line":13,"column":111}},"type":"cond-expr","locations":[{"start":{"line":13,"column":68},"end":{"line":13,"column":69}},{"start":{"line":13,"column":72},"end":{"line":13,"column":111}}],"line":13}},"s":{"0":0},"f":{"0":0},"b":{"0":[0,0]},"inputSourceMap":null}
,"/home/naquaduh/projects/date-time-js/src/js/locales/en-US.js": {"path":"/home/naquaduh/projects/date-time-js/src/js/locales/en-US.js","statementMap":{"0":{"start":{"line":13,"column":19},"end":{"line":13,"column":114}}},"fnMap":{"0":{"name":"(anonymous_0)","decl":{"start":{"line":13,"column":10},"end":{"line":13,"column":11}},"loc":{"start":{"line":13,"column":19},"end":{"line":13,"column":114}},"line":13}},"branchMap":{"0":{"loc":{"start":{"line":13,"column":53},"end":{"line":13,"column":111}},"type":"cond-expr","locations":[{"start":{"line":13,"column":68},"end":{"line":13,"column":69}},{"start":{"line":13,"column":72},"end":{"line":13,"column":111}}],"line":13}},"s":{"0":0},"f":{"0":0},"b":{"0":[0,0]},"inputSourceMap":null,"_coverageSchema":"1a1c01bbd47fc00a2c39e90264f33305004495a9","hash":"22218e69688a34d689c1666f24b6f70773c14c6a"}
,"/home/naquaduh/projects/date-time-js/src/js/locales/zh-TW.js": {"path":"/home/naquaduh/projects/date-time-js/src/js/locales/zh-TW.js","statementMap":{"0":{"start":{"line":13,"column":19},"end":{"line":13,"column":28}}},"fnMap":{"0":{"name":"(anonymous_0)","decl":{"start":{"line":13,"column":10},"end":{"line":13,"column":11}},"loc":{"start":{"line":13,"column":19},"end":{"line":13,"column":28}},"line":13}},"branchMap":{},"s":{"0":0},"f":{"0":0},"b":{},"inputSourceMap":null}
}
