TN:
SF:src/js/base-date-time.js
FN:45,(anonymous_0)
FN:54,(anonymous_1)
FN:62,(anonymous_2)
FN:70,(anonymous_3)
FN:78,(anonymous_4)
FN:86,(anonymous_5)
FN:94,(anonymous_6)
FN:102,(anonymous_7)
FN:110,(anonymous_8)
FN:118,(anonymous_9)
FN:127,(anonymous_10)
FN:136,(anonymous_11)
FN:144,(anonymous_12)
FN:152,(anonymous_13)
FN:167,(anonymous_14)
FN:171,(anonymous_15)
FN:179,(anonymous_16)
FN:187,(anonymous_17)
FNF:18
FNH:16
FNDA:172,(anonymous_0)
FNDA:252,(anonymous_1)
FNDA:677,(anonymous_2)
FNDA:119,(anonymous_3)
FNDA:121,(anonymous_4)
FNDA:115,(anonymous_5)
FNDA:149,(anonymous_6)
FNDA:108,(anonymous_7)
FNDA:67,(anonymous_8)
FNDA:62,(anonymous_9)
FNDA:3,(anonymous_10)
FNDA:0,(anonymous_11)
FNDA:2,(anonymous_12)
FNDA:125,(anonymous_13)
FNDA:2,(anonymous_14)
FNDA:208,(anonymous_15)
FNDA:0,(anonymous_16)
FNDA:208,(anonymous_17)
DA:46,172
DA:47,172
DA:55,252
DA:63,677
DA:71,119
DA:79,121
DA:87,115
DA:95,149
DA:103,108
DA:111,67
DA:119,62
DA:128,3
DA:137,0
DA:145,2
DA:153,125
DA:168,2
DA:172,208
DA:180,0
DA:188,208
LF:19
LH:17
BRDA:45,0,0,6
BRDA:45,1,0,45
BRDA:137,2,0,0
BRDA:137,2,1,0
BRDA:137,3,0,0
BRDA:137,3,1,0
BRDA:137,4,0,0
BRDA:137,4,1,0
BRDA:137,4,2,0
BRDA:145,5,0,0
BRDA:145,5,1,1
BRDA:145,6,0,0
BRDA:145,6,1,0
BRDA:145,7,0,0
BRDA:145,7,1,0
BRDA:145,7,2,0
BRDA:168,8,0,2
BRDA:168,8,1,0
BRF:18
BRH:4
end_of_record
TN:
SF:src/js/constants.js
FNF:0
FNH:0
DA:5,5
DA:19,5
DA:27,5
DA:38,5
DA:50,5
DA:62,5
DA:74,5
DA:77,5
DA:80,5
DA:94,5
LF:10
LH:10
BRF:0
BRH:0
end_of_record
TN:
SF:src/js/date-formatter.js
FN:13,(anonymous_0)
FN:17,(anonymous_1)
FN:18,(anonymous_2)
FN:19,(anonymous_3)
FN:20,(anonymous_4)
FN:21,(anonymous_5)
FN:22,(anonymous_6)
FN:23,(anonymous_7)
FN:24,(anonymous_8)
FN:25,(anonymous_9)
FN:26,(anonymous_10)
FN:27,(anonymous_11)
FN:28,(anonymous_12)
FN:29,(anonymous_13)
FN:30,(anonymous_14)
FN:31,(anonymous_15)
FN:32,(anonymous_16)
FN:33,(anonymous_17)
FN:34,(anonymous_18)
FN:35,(anonymous_19)
FN:36,(anonymous_20)
FN:37,(anonymous_21)
FN:38,(anonymous_22)
FN:39,(anonymous_23)
FN:40,(anonymous_24)
FN:41,(anonymous_25)
FN:42,(anonymous_26)
FN:58,(anonymous_27)
FN:70,(anonymous_28)
FN:85,(anonymous_29)
FN:86,(anonymous_30)
FNF:31
FNH:17
FNDA:2,(anonymous_0)
FNDA:0,(anonymous_1)
FNDA:42,(anonymous_2)
FNDA:0,(anonymous_3)
FNDA:0,(anonymous_4)
FNDA:3,(anonymous_5)
FNDA:0,(anonymous_6)
FNDA:0,(anonymous_7)
FNDA:39,(anonymous_8)
FNDA:3,(anonymous_9)
FNDA:0,(anonymous_10)
FNDA:42,(anonymous_11)
FNDA:38,(anonymous_12)
FNDA:0,(anonymous_13)
FNDA:0,(anonymous_14)
FNDA:3,(anonymous_15)
FNDA:0,(anonymous_16)
FNDA:41,(anonymous_17)
FNDA:0,(anonymous_18)
FNDA:3,(anonymous_19)
FNDA:0,(anonymous_20)
FNDA:0,(anonymous_21)
FNDA:38,(anonymous_22)
FNDA:1,(anonymous_23)
FNDA:0,(anonymous_24)
FNDA:0,(anonymous_25)
FNDA:2,(anonymous_26)
FNDA:5,(anonymous_27)
FNDA:5,(anonymous_28)
FNDA:44,(anonymous_29)
FNDA:255,(anonymous_30)
DA:13,5
DA:16,5
DA:17,0
DA:18,42
DA:19,0
DA:20,0
DA:21,3
DA:22,0
DA:23,0
DA:24,39
DA:25,3
DA:26,0
DA:27,42
DA:28,38
DA:29,0
DA:30,0
DA:31,3
DA:32,0
DA:33,41
DA:34,0
DA:35,3
DA:36,0
DA:37,0
DA:38,38
DA:39,1
DA:40,0
DA:41,0
DA:42,2
DA:59,5
DA:60,5
DA:61,5
DA:63,5
DA:70,5
DA:71,5
DA:72,120
DA:75,5
DA:86,255
LF:37
LH:23
BRDA:13,0,0,2
BRDA:13,0,1,0
BRDA:28,1,0,38
BRDA:28,1,1,19
BRDA:37,2,0,0
BRDA:37,2,1,0
BRDA:38,3,0,26
BRDA:38,3,1,12
BRDA:39,4,0,0
BRDA:39,4,1,1
BRDA:40,5,0,0
BRDA:40,5,1,0
BRDA:41,6,0,0
BRDA:41,6,1,0
BRDA:42,7,0,0
BRDA:42,7,1,2
BRDA:58,8,0,0
BRDA:60,9,0,5
BRDA:60,9,1,0
BRDA:72,10,0,95
BRDA:72,10,1,25
BRDA:85,11,0,0
BRDA:86,12,0,42
BRDA:86,12,1,2
BRDA:86,13,0,255
BRDA:86,13,1,255
BRDA:86,14,0,96
BRDA:86,14,1,159
BRF:28
BRH:16
end_of_record
TN:
SF:src/js/date-parser.js
FN:15,(anonymous_0)
FN:32,(anonymous_1)
FN:83,(anonymous_2)
FN:95,(anonymous_3)
FN:96,(anonymous_4)
FN:110,(anonymous_5)
FN:110,(anonymous_6)
FN:118,(anonymous_7)
FN:136,(anonymous_8)
FNF:9
FNH:8
FNDA:6,(anonymous_0)
FNDA:28,(anonymous_1)
FNDA:6,(anonymous_2)
FNDA:6,(anonymous_3)
FNDA:6,(anonymous_4)
FNDA:17,(anonymous_5)
FNDA:181,(anonymous_6)
FNDA:17,(anonymous_7)
FNDA:0,(anonymous_8)
DA:17,6
DA:19,6
DA:35,28
DA:36,11
DA:37,11
DA:38,5
DA:39,5
DA:42,11
DA:44,17
DA:45,22
DA:49,28
DA:50,24
DA:51,24
DA:53,24
DA:54,3
DA:55,3
DA:57,3
DA:59,21
DA:60,3
DA:61,3
DA:63,3
DA:64,0
DA:66,0
DA:70,24
DA:73,28
DA:83,5
DA:84,6
DA:85,6
DA:86,6
DA:88,6
DA:89,6
DA:90,6
DA:91,6
DA:94,6
DA:95,6
DA:96,6
DA:98,6
DA:101,6
DA:110,181
DA:118,5
DA:119,17
DA:121,17
DA:122,99
DA:123,99
DA:124,99
DA:127,17
DA:136,5
DA:137,0
DA:138,0
LF:49
LH:45
BRDA:32,0,0,0
BRDA:35,1,0,11
BRDA:35,1,1,17
BRDA:37,2,0,5
BRDA:37,2,1,6
BRDA:45,3,0,13
BRDA:45,3,1,9
BRDA:49,4,0,24
BRDA:49,4,1,4
BRDA:51,5,0,24
BRDA:51,5,1,20
BRDA:53,6,0,3
BRDA:53,6,1,21
BRDA:55,7,0,3
BRDA:55,7,1,0
BRDA:57,8,0,3
BRDA:57,8,1,0
BRDA:59,9,0,3
BRDA:59,9,1,18
BRDA:61,10,0,3
BRDA:61,10,1,0
BRDA:61,11,0,3
BRDA:61,11,1,3
BRDA:64,12,0,0
BRDA:64,12,1,0
BRDA:64,13,0,0
BRDA:64,13,1,0
BRDA:73,14,0,28
BRDA:73,14,1,4
BRDA:88,15,0,6
BRDA:88,15,1,0
BRDA:90,16,0,6
BRDA:90,16,1,0
BRDA:110,17,0,181
BRDA:110,17,1,137
BRDA:118,18,0,11
BRDA:124,19,0,99
BRDA:124,19,1,87
BRDA:124,19,2,32
BRDA:136,20,0,0
BRDA:137,21,0,0
BRDA:137,22,0,0
BRDA:137,23,0,0
BRDA:137,23,1,0
BRF:44
BRH:29
end_of_record
TN:
SF:src/js/date-time.js
FN:21,(anonymous_0)
FN:51,(anonymous_1)
FN:91,(anonymous_2)
FN:113,(anonymous_3)
FN:127,(anonymous_4)
FN:137,(anonymous_5)
FN:138,(anonymous_6)
FN:147,(anonymous_7)
FN:148,(anonymous_8)
FN:158,(anonymous_9)
FN:168,(anonymous_10)
FN:177,(anonymous_11)
FN:188,(anonymous_12)
FN:201,(anonymous_13)
FN:212,(anonymous_14)
FN:222,(anonymous_15)
FN:233,(anonymous_16)
FN:253,(anonymous_17)
FN:265,(anonymous_18)
FN:274,(anonymous_19)
FN:283,(anonymous_20)
FN:292,(anonymous_21)
FN:301,(anonymous_22)
FN:310,(anonymous_23)
FN:319,(anonymous_24)
FN:330,(anonymous_25)
FN:339,(anonymous_26)
FN:347,(anonymous_27)
FN:355,(anonymous_28)
FN:363,(anonymous_29)
FN:371,(anonymous_30)
FN:379,(anonymous_31)
FN:387,(anonymous_32)
FN:395,(anonymous_33)
FN:404,(anonymous_34)
FN:413,(anonymous_35)
FN:422,(anonymous_36)
FN:431,(anonymous_37)
FN:439,(anonymous_38)
FN:447,(anonymous_39)
FN:456,(anonymous_40)
FN:464,(anonymous_41)
FN:472,(anonymous_42)
FN:480,(anonymous_43)
FN:489,(anonymous_44)
FN:499,(anonymous_45)
FN:508,(anonymous_46)
FN:517,(anonymous_47)
FN:528,(anonymous_48)
FN:537,(anonymous_49)
FN:546,(anonymous_50)
FN:555,(anonymous_51)
FN:564,(anonymous_52)
FN:572,(anonymous_53)
FN:580,(anonymous_54)
FNF:55
FNH:35
FNDA:19,(anonymous_0)
FNDA:153,(anonymous_1)
FNDA:6,(anonymous_2)
FNDA:14,(anonymous_3)
FNDA:7,(anonymous_4)
FNDA:0,(anonymous_5)
FNDA:0,(anonymous_6)
FNDA:0,(anonymous_7)
FNDA:0,(anonymous_8)
FNDA:7,(anonymous_9)
FNDA:7,(anonymous_10)
FNDA:164,(anonymous_11)
FNDA:101,(anonymous_12)
FNDA:10,(anonymous_13)
FNDA:9,(anonymous_14)
FNDA:2,(anonymous_15)
FNDA:2,(anonymous_16)
FNDA:19,(anonymous_17)
FNDA:0,(anonymous_18)
FNDA:1,(anonymous_19)
FNDA:0,(anonymous_20)
FNDA:0,(anonymous_21)
FNDA:0,(anonymous_22)
FNDA:0,(anonymous_23)
FNDA:0,(anonymous_24)
FNDA:0,(anonymous_25)
FNDA:0,(anonymous_26)
FNDA:43,(anonymous_27)
FNDA:40,(anonymous_28)
FNDA:40,(anonymous_29)
FNDA:40,(anonymous_30)
FNDA:40,(anonymous_31)
FNDA:40,(anonymous_32)
FNDA:41,(anonymous_33)
FNDA:0,(anonymous_34)
FNDA:0,(anonymous_35)
FNDA:2,(anonymous_36)
FNDA:3,(anonymous_37)
FNDA:2,(anonymous_38)
FNDA:0,(anonymous_39)
FNDA:11,(anonymous_40)
FNDA:267,(anonymous_41)
FNDA:2,(anonymous_42)
FNDA:1,(anonymous_43)
FNDA:58,(anonymous_44)
FNDA:0,(anonymous_45)
FNDA:0,(anonymous_46)
FNDA:138,(anonymous_47)
FNDA:3,(anonymous_48)
FNDA:3,(anonymous_49)
FNDA:42,(anonymous_50)
FNDA:0,(anonymous_51)
FNDA:0,(anonymous_52)
FNDA:0,(anonymous_53)
FNDA:256,(anonymous_54)
DA:21,5
DA:22,19
DA:23,2
DA:24,17
DA:25,0
DA:52,153
DA:54,28
DA:56,28
DA:57,28
DA:61,1
DA:62,1
DA:65,34
DA:66,34
DA:69,24
DA:70,24
DA:73,35
DA:74,35
DA:76,32
DA:79,153
DA:80,115
DA:81,115
DA:83,153
DA:92,6
DA:96,5
DA:99,5
DA:102,5
DA:114,14
DA:128,7
DA:138,0
DA:148,0
DA:159,7
DA:169,7
DA:178,164
DA:180,5
DA:189,101
DA:191,5
DA:202,10
DA:213,9
DA:223,2
DA:234,2
DA:235,1
DA:236,0
DA:237,0
DA:238,0
DA:239,0
DA:240,0
DA:241,0
DA:242,1
DA:254,19
DA:255,19
DA:256,19
DA:266,0
DA:275,1
DA:284,0
DA:293,0
DA:302,0
DA:311,0
DA:320,0
DA:331,0
DA:340,0
DA:348,43
DA:356,40
DA:364,40
DA:372,40
DA:380,40
DA:388,40
DA:396,41
DA:405,0
DA:414,0
DA:423,2
DA:432,3
DA:440,2
DA:448,0
DA:457,11
DA:465,267
DA:473,2
DA:481,1
DA:490,58
DA:500,0
DA:509,0
DA:518,138
DA:529,3
DA:538,3
DA:547,42
DA:556,0
DA:565,0
DA:573,0
DA:581,256
LF:88
LH:63
BRDA:22,0,0,2
BRDA:22,0,1,17
BRDA:22,0,2,0
BRDA:51,1,0,13
BRDA:51,2,0,75
BRDA:51,3,0,116
BRDA:51,4,0,123
BRDA:52,5,0,28
BRDA:52,5,1,1
BRDA:52,5,2,1
BRDA:52,5,3,34
BRDA:52,5,4,24
BRDA:52,5,5,35
BRDA:52,5,6,32
BRDA:61,6,0,0
BRDA:61,7,0,1
BRDA:79,8,0,115
BRDA:79,8,1,38
BRDA:113,9,0,10
BRDA:127,10,0,5
BRDA:138,11,0,0
BRDA:138,11,1,0
BRDA:148,12,0,0
BRDA:148,12,1,0
BRDA:158,13,0,7
BRDA:178,14,0,159
BRDA:178,14,1,5
BRDA:180,15,0,0
BRDA:180,15,1,5
BRDA:189,16,0,96
BRDA:189,16,1,5
BRDA:191,17,0,0
BRDA:191,17,1,5
BRDA:202,18,0,9
BRDA:202,18,1,1
BRDA:213,19,0,8
BRDA:213,19,1,1
BRDA:234,20,0,1
BRDA:234,20,1,0
BRDA:234,20,2,0
BRDA:234,20,3,0
BRDA:234,20,4,0
BRDA:234,20,5,0
BRDA:234,20,6,0
BRDA:234,20,7,1
BRDA:255,21,0,3
BRDA:255,21,1,16
BRDA:473,22,0,0
BRDA:473,22,1,2
BRDA:481,23,0,1
BRDA:481,23,1,0
BRDA:481,23,2,0
BRDA:528,24,0,2
BRDA:528,25,0,3
BRDA:538,26,0,0
BRDA:538,26,1,3
BRDA:546,27,0,42
BRDA:547,28,0,0
BRDA:547,28,1,42
BRDA:555,29,0,0
BRDA:556,30,0,0
BRDA:556,30,1,0
BRDA:564,31,0,0
BRDA:565,32,0,0
BRDA:565,32,1,0
BRF:65
BRH:40
end_of_record
TN:
SF:src/js/duration.js
FN:33,(anonymous_0)
FN:50,(anonymous_1)
FN:68,(anonymous_2)
FN:70,(anonymous_3)
FN:117,(anonymous_4)
FN:125,(anonymous_5)
FN:133,(anonymous_6)
FN:141,(anonymous_7)
FN:149,(anonymous_8)
FN:157,(anonymous_9)
FN:165,(anonymous_10)
FN:173,(anonymous_11)
FN:181,(anonymous_12)
FN:189,(anonymous_13)
FN:197,(anonymous_14)
FN:205,(anonymous_15)
FN:213,(anonymous_16)
FN:221,(anonymous_17)
FN:229,(anonymous_18)
FN:237,(anonymous_19)
FN:245,(anonymous_20)
FN:284,(anonymous_21)
FN:292,(anonymous_22)
FN:300,(anonymous_23)
FNF:24
FNH:16
FNDA:30,(anonymous_0)
FNDA:1,(anonymous_1)
FNDA:3,(anonymous_2)
FNDA:3,(anonymous_3)
FNDA:18,(anonymous_4)
FNDA:18,(anonymous_5)
FNDA:18,(anonymous_6)
FNDA:18,(anonymous_7)
FNDA:18,(anonymous_8)
FNDA:18,(anonymous_9)
FNDA:18,(anonymous_10)
FNDA:1,(anonymous_11)
FNDA:0,(anonymous_12)
FNDA:0,(anonymous_13)
FNDA:0,(anonymous_14)
FNDA:0,(anonymous_15)
FNDA:0,(anonymous_16)
FNDA:0,(anonymous_17)
FNDA:3,(anonymous_18)
FNDA:0,(anonymous_19)
FNDA:8,(anonymous_20)
FNDA:2,(anonymous_21)
FNDA:8,(anonymous_22)
FNDA:0,(anonymous_23)
DA:34,30
DA:35,30
DA:36,30
DA:37,30
DA:38,30
DA:39,30
DA:40,30
DA:41,30
DA:42,30
DA:51,1
DA:52,1
DA:54,1
DA:55,7
DA:56,7
DA:59,1
DA:70,3
DA:71,3
DA:72,3
DA:73,3
DA:74,3
DA:75,3
DA:76,3
DA:77,3
DA:78,3
DA:80,3
DA:81,0
DA:82,0
DA:85,3
DA:86,0
DA:87,0
DA:90,3
DA:91,2
DA:92,2
DA:95,3
DA:96,2
DA:97,2
DA:100,3
DA:101,2
DA:102,2
DA:105,3
DA:106,2
DA:107,2
DA:110,3
DA:118,18
DA:126,18
DA:134,18
DA:142,18
DA:150,18
DA:158,18
DA:166,18
DA:174,1
DA:182,0
DA:190,0
DA:198,0
DA:206,0
DA:214,0
DA:222,0
DA:230,3
DA:238,0
DA:246,8
DA:247,8
DA:248,2
DA:249,2
DA:252,8
DA:253,2
DA:254,2
DA:257,8
DA:258,2
DA:259,2
DA:262,8
DA:263,2
DA:264,2
DA:267,8
DA:268,2
DA:269,2
DA:272,8
DA:273,2
DA:274,2
DA:277,8
DA:285,2
DA:293,8
DA:301,0
LF:82
LH:70
BRDA:33,0,0,2
BRDA:33,1,0,14
BRDA:33,2,0,14
BRDA:33,3,0,14
BRDA:33,4,0,14
BRDA:33,5,0,14
BRDA:33,6,0,14
BRDA:33,7,0,14
BRDA:41,8,0,30
BRDA:41,8,1,26
BRDA:80,9,0,0
BRDA:80,9,1,3
BRDA:85,10,0,0
BRDA:85,10,1,3
BRDA:90,11,0,2
BRDA:90,11,1,1
BRDA:95,12,0,2
BRDA:95,12,1,1
BRDA:100,13,0,2
BRDA:100,13,1,1
BRDA:105,14,0,2
BRDA:105,14,1,1
BRDA:247,15,0,2
BRDA:247,15,1,6
BRDA:252,16,0,2
BRDA:252,16,1,6
BRDA:257,17,0,2
BRDA:257,17,1,6
BRDA:262,18,0,2
BRDA:262,18,1,6
BRDA:267,19,0,2
BRDA:267,19,1,6
BRDA:272,20,0,2
BRDA:272,20,1,6
BRF:34
BRH:32
end_of_record
TN:
SF:src/js/locale.js
FN:31,(anonymous_0)
FN:31,(anonymous_1)
FN:51,(anonymous_2)
FN:65,(anonymous_3)
FN:81,(anonymous_4)
FN:100,(anonymous_5)
FN:120,(anonymous_6)
FN:129,(anonymous_7)
FN:137,(anonymous_8)
FN:145,(anonymous_9)
FN:153,(anonymous_10)
FN:161,(anonymous_11)
FN:169,(anonymous_12)
FN:177,(anonymous_13)
FN:185,(anonymous_14)
FNF:15
FNH:11
FNDA:6,(anonymous_0)
FNDA:0,(anonymous_1)
FNDA:6,(anonymous_2)
FNDA:6,(anonymous_3)
FNDA:119,(anonymous_4)
FNDA:0,(anonymous_5)
FNDA:0,(anonymous_6)
FNDA:28,(anonymous_7)
FNDA:115,(anonymous_8)
FNDA:44,(anonymous_9)
FNDA:0,(anonymous_10)
FNDA:28,(anonymous_11)
FNDA:3,(anonymous_12)
FNDA:3,(anonymous_13)
FNDA:96,(anonymous_14)
DA:31,0
DA:32,6
DA:33,6
DA:37,6
DA:38,6
DA:39,6
DA:40,6
DA:41,6
DA:42,6
DA:52,6
DA:54,6
DA:56,6
DA:66,6
DA:67,6
DA:68,6
DA:69,6
DA:70,6
DA:72,0
DA:82,119
DA:83,119
DA:85,119
DA:86,0
DA:87,0
DA:88,0
DA:91,119
DA:101,0
DA:102,0
DA:104,0
DA:105,0
DA:108,0
DA:109,0
DA:112,0
DA:121,0
DA:130,28
DA:138,115
DA:146,44
DA:154,0
DA:162,28
DA:170,3
DA:178,3
DA:186,96
LF:41
LH:27
BRDA:31,0,0,0
BRDA:31,1,0,0
BRDA:37,2,0,1
BRDA:37,2,1,5
BRDA:37,3,0,6
BRDA:37,3,1,1
BRDA:51,4,0,0
BRDA:65,5,0,0
BRDA:66,6,0,6
BRDA:66,6,1,0
BRDA:85,7,0,0
BRDA:85,7,1,119
BRDA:85,8,0,119
BRDA:85,8,1,0
BRDA:101,9,0,0
BRDA:101,9,1,0
BRDA:104,10,0,0
BRDA:104,10,1,0
BRF:18
BRH:7
end_of_record
TN:
SF:src/js/pattern-format.js
FN:8,(anonymous_0)
FNF:1
FNH:1
FNDA:5,(anonymous_0)
DA:10,5
DA:12,5
DA:14,5
DA:16,5
DA:18,5
DA:20,5
DA:22,5
DA:24,5
DA:26,5
DA:28,5
DA:30,5
DA:32,5
DA:34,5
DA:36,5
DA:38,5
DA:40,5
DA:42,5
DA:44,5
DA:46,5
DA:48,5
DA:50,5
DA:52,5
DA:54,5
DA:56,5
DA:58,5
DA:59,5
DA:62,5
DA:63,5
DA:64,5
DA:65,5
DA:66,5
DA:67,5
DA:68,5
DA:69,5
DA:70,5
DA:71,5
DA:72,5
DA:73,5
DA:74,5
DA:75,5
DA:76,5
DA:77,5
DA:78,5
DA:79,5
DA:80,5
DA:81,5
DA:82,5
DA:83,5
DA:84,5
DA:85,5
LF:50
LH:50
BRF:0
BRH:0
end_of_record
TN:
SF:src/js/period.js
FN:19,(anonymous_0)
FN:30,(anonymous_1)
FN:38,(anonymous_2)
FN:46,(anonymous_3)
FN:57,(anonymous_4)
FN:68,(anonymous_5)
FN:76,(anonymous_6)
FNF:7
FNH:5
FNDA:227,(anonymous_0)
FNDA:196,(anonymous_1)
FNDA:0,(anonymous_2)
FNDA:14,(anonymous_3)
FNDA:17,(anonymous_4)
FNDA:8,(anonymous_5)
FNDA:0,(anonymous_6)
DA:20,227
DA:21,227
DA:22,227
DA:23,227
DA:31,196
DA:39,0
DA:47,14
DA:58,17
DA:69,8
DA:77,0
LF:10
LH:8
BRDA:57,0,0,9
BRDA:68,1,0,8
BRF:2
BRH:2
end_of_record
TN:
SF:src/js/time-zone.js
FN:17,(anonymous_0)
FN:23,(anonymous_1)
FN:31,(anonymous_2)
FN:40,(anonymous_3)
FN:41,(anonymous_4)
FNF:5
FNH:4
FNDA:115,(anonymous_0)
FNDA:0,(anonymous_1)
FNDA:2,(anonymous_2)
FNDA:3,(anonymous_3)
FNDA:21,(anonymous_4)
DA:18,115
DA:19,115
DA:20,115
DA:24,0
DA:32,2
DA:41,21
LF:6
LH:5
BRDA:18,0,0,13
BRDA:18,0,1,102
BRF:2
BRH:2
end_of_record
TN:
SF:src/js/utils.js
FN:9,(anonymous_0)
FN:18,(anonymous_1)
FN:41,(anonymous_2)
FN:61,(anonymous_3)
FN:72,(anonymous_4)
FN:82,(anonymous_5)
FN:92,(anonymous_6)
FN:115,(anonymous_7)
FN:133,(anonymous_8)
FN:146,(anonymous_9)
FNF:10
FNH:7
FNDA:0,(anonymous_0)
FNDA:0,(anonymous_1)
FNDA:90,(anonymous_2)
FNDA:0,(anonymous_3)
FNDA:57,(anonymous_4)
FNDA:718,(anonymous_5)
FNDA:20,(anonymous_6)
FNDA:2,(anonymous_7)
FNDA:3,(anonymous_8)
FNDA:12,(anonymous_9)
DA:5,5
DA:10,0
DA:14,5
DA:19,0
DA:41,5
DA:43,90
DA:45,90
DA:48,90
DA:50,90
DA:61,5
DA:72,57
DA:82,718
DA:92,5
DA:94,20
DA:95,5
DA:96,3
DA:97,3
DA:98,3
DA:99,3
DA:100,3
DA:101,0
DA:104,20
DA:115,5
DA:117,2
DA:118,14
DA:119,10
DA:123,2
DA:133,5
DA:134,3
DA:135,3
DA:136,3
DA:146,5
DA:147,12
DA:148,12
DA:149,12
LF:35
LH:32
BRDA:19,0,0,0
BRDA:19,0,1,0
BRDA:19,0,2,0
BRDA:19,0,3,0
BRDA:41,1,0,5
BRDA:41,2,0,8
BRDA:41,3,0,21
BRDA:41,4,0,24
BRDA:41,5,0,30
BRDA:41,6,0,25
BRDA:41,7,0,1
BRDA:45,8,0,34
BRDA:45,8,1,56
BRDA:48,9,0,14
BRDA:48,9,1,76
BRDA:61,10,0,0
BRDA:61,11,0,0
BRDA:61,11,1,0
BRDA:72,12,0,7
BRDA:72,13,0,12
BRDA:72,13,1,45
BRDA:82,14,0,244
BRDA:82,14,1,474
BRDA:94,15,0,5
BRDA:94,15,1,3
BRDA:94,15,2,3
BRDA:94,15,3,3
BRDA:94,15,4,3
BRDA:94,15,5,3
BRDA:94,15,6,0
BRDA:117,16,0,1
BRDA:117,16,1,1
BRDA:118,17,0,10
BRDA:118,17,1,4
BRDA:119,18,0,5
BRDA:119,18,1,5
BRDA:147,19,0,12
BRDA:147,19,1,0
BRDA:147,20,0,12
BRDA:147,20,1,12
BRDA:148,21,0,0
BRDA:148,21,1,12
BRF:42
BRH:32
end_of_record
TN:
SF:src/js/locales/en-GB.js
FN:13,(anonymous_0)
FNF:1
FNH:0
FNDA:0,(anonymous_0)
DA:13,0
LF:1
LH:0
BRDA:13,0,0,0
BRDA:13,0,1,0
BRF:2
BRH:0
end_of_record
TN:
SF:src/js/locales/en-US.js
FN:13,(anonymous_0)
FNF:1
FNH:0
FNDA:0,(anonymous_0)
DA:13,0
LF:1
LH:0
BRDA:13,0,0,0
BRDA:13,0,1,0
BRF:2
BRH:0
end_of_record
TN:
SF:src/js/locales/zh-TW.js
FN:13,(anonymous_0)
FNF:1
FNH:0
FNDA:0,(anonymous_0)
DA:13,0
LF:1
LH:0
BRF:0
BRH:0
end_of_record
